7890:APP_OPEN:startTime=1770359692633
14221:GENERAL_SHOW_PERSPECTIVE:perspective=org.jkiss.dbeaver.core.perspective
14674:SQL_EDITOR_OPEN:driver=mysql:mysql8
15126:CONNECTION_OPEN:origin=local&driver=mysql:mysql8
411487:CONNECTION_CREATE:driver=sqlite:sqlite_jdbc
434066:SQL_EDITOR_SHOW_LOG
444924:GENERAL_VIEW_OPEN:view=org.jkiss.dbeaver.core.projectNavigator
446292:ENTITY_EDITOR_OPEN:className=DataSourceDescriptor&driver=mysql:mysql8
468467:CONNECTION_CREATE:driver=sqlite:sqlite_jdbc
473440:CONNECTION_DELETE:driver=sqlite:sqlite_jdbc
474460:CONNECTION_OPEN:origin=local&driver=sqlite:sqlite_jdbc
497476:ENTITY_EDITOR_OPEN:className=DataSourceDescriptor&driver=sqlite:sqlite_jdbc
720792:CONNECTION_CLOSE:origin=local&driver=sqlite:sqlite_jdbc
720794:CONNECTION_DELETE:driver=sqlite:sqlite_jdbc
746477:CONNECTION_CREATE:driver=sqlite:sqlite_jdbc
748161:CONNECTION_OPEN:origin=local&driver=sqlite:sqlite_jdbc
4630126:ENTITY_EDITOR_OPEN:className=DataSourceDescriptor&driver=sqlite:sqlite_jdbc
4636137:ENTITY_EDITOR_OPEN:className=SQLiteTable&driver=sqlite:sqlite_jdbc
4648189:DATA_EDIT_OPEN:objectType=SQLiteTable
6104405:RESULT_SET_PRESENTATION_SELECTED:presentationId=plaintext&driver=sqlite:sqlite_jdbc
6107893:GENERAL_VIEW_OPEN:view=org.jkiss.dbeaver.core.databaseNavigator
6109586:ENTITY_EDITOR_OPEN:className=MySQLTable&driver=mysql:mysql8
6109857:DATA_EDIT_OPEN:objectType=MySQLTable
6113997:RESULT_SET_PRESENTATION_SELECTED:presentationId=spreadsheet&driver=sqlite:sqlite_jdbc
259234613:CONNECTION_OPEN:origin=local&driver=sqlite:sqlite_jdbc
259234873:ENTITY_EDITOR_OPEN:className=SQLiteTable&driver=sqlite:sqlite_jdbc
259235304:DATA_EDIT_OPEN:objectType=SQLiteTable
259335920:CONNECTION_TEST:driver=mysql:mysql8
259352271:CONNECTION_TEST:driver=mysql:mysql8
259429326:CONNECTION_CREATE:driver=mysql:mysql8
259441547:SQL_SCRIPT_NEW
259442263:SQL_EDITOR_OPEN:driver=mysql:mysql8
259442380:CONNECTION_OPEN:origin=local&driver=mysql:mysql8
259505524:SQL_EDITOR_EXECUTE_QUERY
259506854:SQL_EDITOR_EXECUTE_QUERY
259591781:ENTITY_EDITOR_OPEN:className=MySQLTable&driver=mysql:mysql8
259591944:DATA_EDIT_OPEN:objectType=MySQLTable
259597045:GENERAL_VIEW_CLOSE:view=org.jkiss.dbeaver.core.databaseNavigator
259599436:ENTITY_EDITOR_OPEN:className=MySQLTable&driver=mysql:mysql8
259599570:DATA_EDIT_OPEN:objectType=MySQLTable
259601871:ENTITY_EDITOR_OPEN:className=MySQLTable&driver=mysql:mysql8
259602000:DATA_EDIT_OPEN:objectType=MySQLTable
259674797:CONNECTION_EDIT:driver=mysql:mysql8
260171078:CONNECTION_EDIT:driver=mysql:mysql8
260239968:CONNECTION_EDIT:driver=mysql:mysql8
267786033:ENTITY_EDITOR_OPEN:className=DataSourceDescriptor&driver=mysql:mysql8
267862794:SQL_EDITOR_EXECUTE_QUERY
267868303:SQL_EDITOR_EXECUTE_QUERY
267870740:SQL_EDITOR_EXECUTE_QUERY
267884975:SQL_EDITOR_EXECUTE_QUERY
267889295:SQL_EDITOR_EXECUTE_QUERY
268046996:SQL_EDITOR_EXECUTE_QUERY
268066437:SQL_EDITOR_EXECUTE_QUERY
268326731:SQL_EDITOR_EXECUTE_QUERY
268327829:SQL_EDITOR_EXECUTE_QUERY
268343032:SQL_EDITOR_EXECUTE_QUERY
268345264:SQL_EDITOR_EXECUTE_QUERY
268347362:SQL_EDITOR_EXECUTE_QUERY
268472463:ENTITY_EDITOR_OPEN:className=MySQLCatalog&driver=mysql:mysql8
268491128:ENTITY_EDITOR_OPEN:className=MySQLTable&driver=mysql:mysql8
268491253:DATA_EDIT_OPEN:objectType=MySQLTable
268556149:ENTITY_EDITOR_OPEN:className=MySQLCatalog&driver=mysql:mysql8
268560147:ENTITY_EDITOR_OPEN:className=MySQLCatalog&driver=mysql:mysql8
268568178:SQL_EDITOR_EXECUTE_QUERY
268573828:SQL_EDITOR_EXECUTE_QUERY
268576692:SQL_EDITOR_EXECUTE_QUERY
268578667:SQL_EDITOR_EXECUTE_QUERY
268582665:SQL_EDITOR_EXECUTE_QUERY
268604609:SQL_EDITOR_EXECUTE_QUERY
268607188:SQL_EDITOR_EXECUTE_QUERY
268758327:SQL_EDITOR_EXECUTE_QUERY
268759193:SQL_EDITOR_EXECUTE_QUERY
268864051:SQL_EDITOR_EXECUTE_QUERY
268867107:SQL_EDITOR_EXECUTE_QUERY
268868327:SQL_EDITOR_EXECUTE_QUERY
268876050:SQL_EDITOR_EXECUTE_QUERY
268890457:SQL_EDITOR_EXECUTE_QUERY
268892847:SQL_EDITOR_EXECUTE_QUERY
268893363:SQL_EDITOR_EXECUTE_QUERY
268893853:SQL_EDITOR_EXECUTE_QUERY
269103296:SQL_EDITOR_EXECUTE_QUERY
269103648:SQL_EDITOR_EXECUTE_QUERY
269103835:SQL_EDITOR_EXECUTE_QUERY
269104001:SQL_EDITOR_EXECUTE_QUERY
269104209:SQL_EDITOR_EXECUTE_QUERY
269852121:SQL_EDITOR_EXECUTE_QUERY
269854399:SQL_EDITOR_EXECUTE_QUERY
269914448:SQL_EDITOR_EXECUTE_QUERY
269915753:SQL_EDITOR_EXECUTE_QUERY
269916804:SQL_EDITOR_EXECUTE_QUERY
269917123:SQL_EDITOR_EXECUTE_QUERY
269920108:SQL_EDITOR_EXECUTE_QUERY
269921395:SQL_EDITOR_EXECUTE_QUERY
269923626:SQL_EDITOR_EXECUTE_QUERY
269927967:SQL_EDITOR_EXECUTE_QUERY
270001169:ENTITY_EDITOR_OPEN:className=MySQLCatalog&driver=mysql:mysql8
270011472:ENTITY_EDITOR_OPEN:className=MySQLTable&driver=mysql:mysql8
270015738:DATA_EDIT_OPEN:objectType=MySQLTable
270044950:SQL_EDITOR_EXECUTE_QUERY
270099573:SQL_EDITOR_EXECUTE_QUERY
270127333:SQL_EDITOR_EXECUTE_QUERY
270134723:SQL_EDITOR_EXECUTE_QUERY
270137218:SQL_EDITOR_EXECUTE_QUERY
270168172:SQL_EDITOR_EXECUTE_QUERY
270172226:SQL_EDITOR_EXECUTE_QUERY
270216647:SQL_EDITOR_EXECUTE_QUERY
270217184:SQL_EDITOR_EXECUTE_QUERY
270217385:SQL_EDITOR_EXECUTE_QUERY
270217589:SQL_EDITOR_EXECUTE_QUERY
270217821:SQL_EDITOR_EXECUTE_QUERY
270218148:SQL_EDITOR_EXECUTE_QUERY
270218350:SQL_EDITOR_EXECUTE_QUERY
270218544:SQL_EDITOR_EXECUTE_QUERY
270218718:SQL_EDITOR_EXECUTE_QUERY
270218838:SQL_EDITOR_EXECUTE_QUERY
270219009:SQL_EDITOR_EXECUTE_QUERY
270219226:SQL_EDITOR_EXECUTE_QUERY
270219389:SQL_EDITOR_EXECUTE_QUERY
270222770:SQL_EDITOR_EXECUTE_QUERY
270225116:SQL_EDITOR_EXECUTE_QUERY
270226108:SQL_EDITOR_EXECUTE_QUERY
270257081:SQL_EDITOR_EXECUTE_QUERY
270259973:SQL_EDITOR_EXECUTE_QUERY
270373196:ENTITY_EDITOR_OPEN:className=MySQLCatalog&driver=mysql:mysql8
270380314:ENTITY_EDITOR_OPEN:className=MySQLTable&driver=mysql:mysql8
270383036:DATA_EDIT_OPEN:objectType=MySQLTable
270390277:RESULT_SET_REFRESH
270391413:RESULT_SET_REFRESH
270424505:CONNECTION_CLOSE:origin=local&driver=mysql:mysql8
270424505:CONNECTION_DELETE:driver=mysql:mysql8
270432754:SQL_EDITOR_EXECUTE_QUERY
270445653:SQL_EDITOR_EXECUTE_QUERY
270451904:SQL_EDITOR_EXECUTE_QUERY
270456125:SQL_EDITOR_EXECUTE_QUERY
270457291:SQL_EDITOR_EXECUTE_QUERY
270461008:SQL_EDITOR_EXECUTE_QUERY
270479290:SQL_EDITOR_EXECUTE_QUERY
270479857:SQL_EDITOR_EXECUTE_QUERY
270480129:SQL_EDITOR_EXECUTE_QUERY
270480431:SQL_EDITOR_EXECUTE_QUERY
270480645:SQL_EDITOR_EXECUTE_QUERY
270480968:SQL_EDITOR_EXECUTE_QUERY
270481238:SQL_EDITOR_EXECUTE_QUERY
270492284:SQL_EDITOR_EXECUTE_QUERY
270494944:SQL_EDITOR_EXECUTE_QUERY
270495742:SQL_EDITOR_EXECUTE_QUERY
270496091:SQL_EDITOR_EXECUTE_QUERY
270496352:SQL_EDITOR_EXECUTE_QUERY
270497109:SQL_EDITOR_EXECUTE_QUERY
270498001:SQL_EDITOR_EXECUTE_QUERY
270499414:SQL_EDITOR_EXECUTE_QUERY
281016991:SQL_EDITOR_EXECUTE_QUERY
281067688:SQL_EDITOR_EXECUTE_QUERY
281086886:SQL_EDITOR_EXECUTE_QUERY
281091641:SQL_EDITOR_EXECUTE_QUERY
281092393:SQL_EDITOR_EXECUTE_QUERY
281093069:SQL_EDITOR_EXECUTE_QUERY
281093516:SQL_EDITOR_EXECUTE_QUERY
281093968:SQL_EDITOR_EXECUTE_QUERY
281103416:ENTITY_EDITOR_OPEN:className=MySQLCatalog&driver=mysql:mysql8
281162547:SQL_EDITOR_EXECUTE_QUERY
281187738:SQL_EDITOR_EXECUTE_QUERY
281725471:CONNECTION_CLOSE:origin=local&driver=mysql:mysql8
281725471:CONNECTION_DELETE:driver=mysql:mysql8
281751878:SQL_EDITOR_OPEN:driver=
281826871:CONNECTION_CREATE:driver=mysql:mysql8
281832232:CONNECTION_OPEN:origin=local&driver=mysql:mysql8
281837369:SQL_SCRIPT_NEW
281838115:SQL_EDITOR_OPEN:driver=mysql:mysql8
281862034:SQL_EDITOR_EXECUTE_QUERY
281891254:ENTITY_EDITOR_OPEN:className=DataSourceDescriptor&driver=sqlite:sqlite_jdbc
281915814:SQL_EDITOR_EXECUTE_QUERY
282297263:SQL_EDITOR_EXECUTE_QUERY
282308203:ENTITY_EDITOR_OPEN:className=DataSourceDescriptor&driver=mysql:mysql8
282341471:SQL_EDITOR_EXECUTE_QUERY
282345276:SQL_EDITOR_EXECUTE_QUERY
282350948:SQL_EDITOR_EXECUTE_QUERY
282388457:SQL_EDITOR_OPEN:driver=
282394379:SQL_EDITOR_OPEN:driver=
282403952:SQL_EDITOR_OPEN:driver=
282424963:SQL_EDITOR_EXECUTE_QUERY
282434967:ENTITY_EDITOR_OPEN:className=MySQLCatalog&driver=mysql:mysql8
282440922:ENTITY_EDITOR_OPEN:className=MySQLTable&driver=mysql:mysql8
282441250:DATA_EDIT_OPEN:objectType=MySQLTable
282454539:SQL_EDITOR_EXECUTE_QUERY
