2026-02-11 09:35:26.197 - DBeaver 25.3.3.202601181752 is starting
2026-02-11 09:35:26.199 - OS: Windows 11 10.0 (amd64)
2026-02-11 09:35:26.200 - Java version: 21.0.8 by Eclipse Adoptium (64bit)
2026-02-11 09:35:26.200 - Install path: 'C:\Users\ssjle\AppData\Local\DBeaver'
2026-02-11 09:35:26.200 - Instance path: 'file:/C:/study/2.Database/'
2026-02-11 09:35:26.203 - Memory available 64Mb/1024Mb
2026-02-11 09:35:26.226 - Create display
2026-02-11 09:35:26.477 - Initialize desktop platform...
2026-02-11 09:35:26.637 - BounceCastle bundle found. Use JCE provider BC
> Start Core File Systems [org.eclipse.core.filesystem 1.11.400.v20251107-0507]
> Start Core Resource Management [org.eclipse.core.resources 3.23.100.v20251106-1705]
> Start 팀 지원 핵심 [org.eclipse.team.core 3.10.900.v20251104-0924]
> Start DBeaver UI Navigator [org.jkiss.dbeaver.ui.navigator 1.0.171.202601181752]
2026-02-11 09:35:26.888 - Initialize base platform...
2026-02-11 09:35:26.899 - send collected statistics
2026-02-11 09:35:26.920 - Platform initialized (443ms)
> Start Equinox Java Authentication and Authorization Service (JAAS) [org.eclipse.equinox.security 1.4.700.v20250622-1644]
> Start 인터넷 연결 관리 사용자 인터페이스 [org.eclipse.ui.net 1.5.500.v20250611-0855]
> Start Internet Connection Management [org.eclipse.core.net 1.5.800.v20250613-1119]
2026-02-11 09:35:27.465 - Proxy service 'org.eclipse.core.net.proxy.IProxyService' loaded
2026-02-11 09:35:27.637 - Starting instance server at http://localhost:60223
2026-02-11 09:35:27.653 - Run workbench
> Start Eclipse e4 작업영역 SWT [org.eclipse.e4.ui.workbench.swt 0.17.1000.v20251023-0611]
> Start Eclipse Application Services [org.eclipse.e4.core.services 2.5.300.v20251112-1253]
> Start Eclipse UI Application Services [org.eclipse.e4.ui.services 1.6.600.v20251023-1358]
> Start Eclipse e4 Progress View [org.eclipse.e4.ui.progress 0.4.900.v20251023-1511]
> Start Eclipse Bindings Support [org.eclipse.e4.ui.bindings 0.14.800.v20250916-0937]
> Start Eclipse e4 core commands [org.eclipse.e4.core.commands 1.1.700.v20250916-0927]
> Start EMF XML/XMI Persistence [org.eclipse.emf.ecore.xmi 2.39.0.v20250910-1205]
> Start Eclipse CSS SWT Theme Support [org.eclipse.e4.ui.css.swt.theme 0.14.600.v20251023-0615]
> Start Eclipse e4 작업영역 기능 추가 [org.eclipse.e4.ui.workbench.addons.swt 1.5.900.v20251007-0832]
Warning: NLS unused message: WorkbenchPreference_reuseEditorsThreshold in: org.eclipse.ui.internal.messages
Warning: NLS unused message: 이유 in: org.eclipse.ui.internal.messages
> Start Eclipse e4 작업영역 SWT 렌더러 [org.eclipse.e4.ui.workbench.renderers.swt 0.16.1000.v20251114-0005]
> Start Eclipse Dependency Injection Extensions [org.eclipse.e4.core.di.extensions 0.18.300.v20240413-1529]
> Start DBeaver AI Model [org.jkiss.dbeaver.model.ai 2.0.14.202601181752]
> Start DBeaver AI UI [org.jkiss.dbeaver.ui.ai 1.0.73.202601181752]
> Start Eclipse CSS SWT Support [org.eclipse.e4.ui.css.swt 0.15.700.v20251023-1511]
> Start JFace 텍스트 [org.eclipse.jface.text 3.29.0.v20251112-0859]
> Start 기본 문서 편집기 [org.eclipse.ui.editors 3.20.200.v20251125-0939]
> Start 텍스트 편집기 프레임워크 [org.eclipse.ui.workbench.texteditor 3.19.400.v20251105-0815]
2026-02-11 09:35:32.838 - Configure workbench window
> Start DBeaver SQL Model [org.jkiss.dbeaver.model.sql 1.0.161.202601181752]
2026-02-11 09:35:33.084 - Total database drivers: 127 (127)
> Start 도움말 시스템 코어 [org.eclipse.help 3.10.600.v20250613-0437]
2026-02-11 09:35:33.204 - Create actions
2026-02-11 09:35:34.391 - Initialize workbench window
2026-02-11 09:35:34.420 - Finish initialization
> Start DBeaver UI Editors - Data [org.jkiss.dbeaver.ui.editors.data 1.0.171.202601181752]
> Start DBeaver UI Editors - SQL [org.jkiss.dbeaver.ui.editors.sql 1.0.171.202601181752]
Warning: NLS unused message: FindReplace_RegExCheckbox_label in: org.eclipse.ui.texteditor.EditorMessages
Warning: NLS unused message: FindReplace_WrapCheckBox_label in: org.eclipse.ui.texteditor.EditorMessages
Warning: NLS unused message: FindReplace_IncrementalCheckBox_label in: org.eclipse.ui.texteditor.EditorMessages
Warning: NLS unused message: FindReplace_Options in: org.eclipse.ui.texteditor.EditorMessages
Warning: NLS unused message: FindReplace_ReplaceSelectionButton_label in: org.eclipse.ui.texteditor.EditorMessages
Warning: NLS unused message: FindReplace_SelectedRangeRadioButton_label in: org.eclipse.ui.texteditor.EditorMessages
Warning: NLS unused message: FindReplace_SelectAllButton_label in: org.eclipse.ui.texteditor.EditorMessages
Warning: NLS unused message: FindReplace_GlobalRadioButton_label in: org.eclipse.ui.texteditor.EditorMessages
Warning: NLS unused message: FindReplace_WholeWordCheckBox_label in: org.eclipse.ui.texteditor.EditorMessages
Warning: NLS unused message: FindReplace_ReplaceFindButton_label in: org.eclipse.ui.texteditor.EditorMessages
Warning: NLS unused message: FindReplace_BackwardRadioButton_label in: org.eclipse.ui.texteditor.EditorMessages
Warning: NLS unused message: FindReplace_CloseButton_label in: org.eclipse.ui.texteditor.EditorMessages
Warning: NLS unused message: FindReplace_Replace_label in: org.eclipse.ui.texteditor.EditorMessages
Warning: NLS unused message: FindReplace_CaseCheckBox_label in: org.eclipse.ui.texteditor.EditorMessages
Warning: NLS unused message: FindReplace_Status_replacements_label in: org.eclipse.ui.texteditor.EditorMessages
Warning: NLS unused message: FindReplace_title in: org.eclipse.ui.texteditor.EditorMessages
Warning: NLS unused message: FindReplace_Direction in: org.eclipse.ui.texteditor.EditorMessages
Warning: NLS unused message: FindReplace_ReplaceAllButton_label in: org.eclipse.ui.texteditor.EditorMessages
Warning: NLS unused message: FindReplace_Scope in: org.eclipse.ui.texteditor.EditorMessages
Warning: NLS unused message: FindReplace_Find_label in: org.eclipse.ui.texteditor.EditorMessages
Warning: NLS unused message: FindReplace_ForwardRadioButton_label in: org.eclipse.ui.texteditor.EditorMessages
Warning: NLS unused message: FindReplace_FindNextButton_label in: org.eclipse.ui.texteditor.EditorMessages
> Start DBeaver SQL Terminal [org.jkiss.dbeaver.ui.editors.sql.terminal 1.0.147.202601181752]
> Start 핵심 비교 지원 [org.eclipse.compare.core 3.8.800.v20250718-1505]
> Start DBeaver Sample Database [org.jkiss.dbeaver.ui.config.sample 1.0.208.202601181752]
2026-02-11 09:35:41.078 - Open [https://dbeaver.io/product/version.xml]
> Start DBeaver Dashboard UI [org.jkiss.dbeaver.ui.dashboard 1.0.168.202601181752]
> Start GEF Classic Draw2d [org.eclipse.draw2d 3.21.0.202512020742]
> Start GEF Classic GEF (MVC) [org.eclipse.gef 3.24.0.202511201732]
> Start DBeaver ERD UI [org.jkiss.dbeaver.ui.editors.erd 3.1.12.202601181752]
> Start DBeaver ERD Model [org.jkiss.dbeaver.model.erd 1.1.12.202601181752]
> Start DBeaver JDBC Model [org.jkiss.dbeaver.model.jdbc 1.0.64.202601181752]
> Start DBeaver MySQL Support [org.jkiss.dbeaver.ext.mysql 2.1.256.202601181752]
> Start 콘솔 [org.eclipse.ui.console 3.15.0.v20251113-1013]
> Start 디버그 핵심 [org.eclipse.debug.core 3.23.200.v20251107-0507]
2026-02-11 09:35:42.673 - Connect with 'localhost' (mysql8-19c4275315b-6c218b5a4ee5446e)
2026-02-11 09:35:42.710 - Execution context opened (localhost; Main; 0)
2026-02-11 09:35:42.758 - Datasource mysql8-19be3364704-2990b7a92e577ae8 not found in project General (/General/Scripts/1.DML,DDL 정리.sql)
2026-02-11 09:35:42.761 - Datasource mysql8-19be3364704-2990b7a92e577ae8 not found in project General (/General/Scripts/1_26수업.sql)
> Start DBeaver GIS Support [org.jkiss.dbeaver.data.gis 1.0.195.202601181752]
2026-02-11 09:35:42.764 - Datasource mysql8-19be3364704-2990b7a92e577ae8 not found in project General (/General/Scripts/1_23 수업.sql)
> Start DBeaver SQL Language Semantic Model [org.jkiss.dbeaver.model.lsm 1.0.66.202601181752]
2026-02-11 09:35:43.601 - Connect with 'localhost' (mysql8-19c4275315b-6c218b5a4ee5446e)
2026-02-11 09:35:43.603 - Execution context opened (localhost; Main; 1)
2026-02-11 09:35:43.903 - Datasource mysql8-19be3364704-2990b7a92e577ae8 not found in project General (/General/Scripts/1.DML,DDL 정리.sql)
2026-02-11 09:35:43.910 - Datasource mysql8-19be3364704-2990b7a92e577ae8 not found in project General (/General/Scripts/1_26수업.sql)
2026-02-11 09:35:43.911 - Datasource mysql8-19be3364704-2990b7a92e577ae8 not found in project General (/General/Scripts/1_23 수업.sql)
2026-02-11 09:35:44.157 - Datasource mysql8-19be3364704-2990b7a92e577ae8 not found in project General (/General/Scripts/1.DML,DDL 정리.sql)
2026-02-11 09:35:44.159 - Datasource mysql8-19be3364704-2990b7a92e577ae8 not found in project General (/General/Scripts/1_26수업.sql)
2026-02-11 09:35:44.160 - Datasource mysql8-19be3364704-2990b7a92e577ae8 not found in project General (/General/Scripts/1_23 수업.sql)
2026-02-11 09:36:46.966 - Datasource mysql8-19be3364704-2990b7a92e577ae8 not found in project General (/General/Scripts/1.DML,DDL 정리.sql)
2026-02-11 09:36:46.970 - Datasource mysql8-19be3364704-2990b7a92e577ae8 not found in project General (/General/Scripts/1_26수업.sql)
2026-02-11 09:36:46.973 - Datasource mysql8-19be3364704-2990b7a92e577ae8 not found in project General (/General/Scripts/1_23 수업.sql)
2026-02-11 09:44:25.503 - Datasource mysql8-19be3364704-2990b7a92e577ae8 not found in project General (/General/Scripts/1.DML,DDL 정리.sql)
2026-02-11 09:44:25.505 - Datasource mysql8-19be3364704-2990b7a92e577ae8 not found in project General (/General/Scripts/1_26수업.sql)
2026-02-11 09:44:25.507 - Datasource mysql8-19be3364704-2990b7a92e577ae8 not found in project General (/General/Scripts/1_23 수업.sql)
2026-02-11 09:45:07.955 - Datasource mysql8-19be3364704-2990b7a92e577ae8 not found in project General (/General/Scripts/1.DML,DDL 정리.sql)
2026-02-11 09:45:07.958 - Datasource mysql8-19be3364704-2990b7a92e577ae8 not found in project General (/General/Scripts/1_26수업.sql)
2026-02-11 09:45:07.959 - Datasource mysql8-19be3364704-2990b7a92e577ae8 not found in project General (/General/Scripts/1_23 수업.sql)
2026-02-11 10:06:57.301 - Datasource mysql8-19be3364704-2990b7a92e577ae8 not found in project General (/General/Scripts/1.DML,DDL 정리.sql)
2026-02-11 10:06:57.304 - Datasource mysql8-19be3364704-2990b7a92e577ae8 not found in project General (/General/Scripts/1_26수업.sql)
2026-02-11 10:06:57.305 - Datasource mysql8-19be3364704-2990b7a92e577ae8 not found in project General (/General/Scripts/1_23 수업.sql)
2026-02-11 10:12:34.572 - Datasource mysql8-19be3364704-2990b7a92e577ae8 not found in project General (/General/Scripts/1.DML,DDL 정리.sql)
2026-02-11 10:12:34.575 - Datasource mysql8-19be3364704-2990b7a92e577ae8 not found in project General (/General/Scripts/1_26수업.sql)
2026-02-11 10:12:34.578 - Datasource mysql8-19be3364704-2990b7a92e577ae8 not found in project General (/General/Scripts/1_23 수업.sql)
2026-02-11 10:12:44.640 - Datasource mysql8-19be3364704-2990b7a92e577ae8 not found in project General (/General/Scripts/1.DML,DDL 정리.sql)
2026-02-11 10:12:44.643 - Datasource mysql8-19be3364704-2990b7a92e577ae8 not found in project General (/General/Scripts/1_26수업.sql)
2026-02-11 10:12:44.645 - Datasource mysql8-19be3364704-2990b7a92e577ae8 not found in project General (/General/Scripts/1_23 수업.sql)
2026-02-11 10:40:31.814 - Connect with 'localhost' (mysql8-19c4275315b-6c218b5a4ee5446e)
2026-02-11 10:40:31.822 - Execution context opened (localhost; Main; 2)
2026-02-11 10:40:31.843 - Datasource mysql8-19be3364704-2990b7a92e577ae8 not found in project General (/General/Scripts/1.DML,DDL 정리.sql)
2026-02-11 10:40:31.845 - Datasource mysql8-19be3364704-2990b7a92e577ae8 not found in project General (/General/Scripts/1_26수업.sql)
2026-02-11 10:40:31.846 - Datasource mysql8-19be3364704-2990b7a92e577ae8 not found in project General (/General/Scripts/1_23 수업.sql)
2026-02-11 10:40:32.211 - Execution context opened (localhost; Metadata; 3)
2026-02-11 10:40:32.464 - Connected (mysql8-19c4275315b-6c218b5a4ee5446e, MySQL Connector/J [mysql-connector-j-8.2.0 (Revision: 06a1f724497fd81c6a659131fda822c9e5085b6c)])
2026-02-11 10:40:32.495 - Execution context opened (localhost; SQLEditor <Script-6.sql>; 4)
2026-02-11 10:40:32.706 - Datasource mysql8-19be3364704-2990b7a92e577ae8 not found in project General (/General/Scripts/1.DML,DDL 정리.sql)
2026-02-11 10:40:32.707 - Datasource mysql8-19be3364704-2990b7a92e577ae8 not found in project General (/General/Scripts/1_26수업.sql)
2026-02-11 10:40:32.709 - Datasource mysql8-19be3364704-2990b7a92e577ae8 not found in project General (/General/Scripts/1_23 수업.sql)
2026-02-11 10:40:32.761 - Datasource mysql8-19be3364704-2990b7a92e577ae8 not found in project General (/General/Scripts/1.DML,DDL 정리.sql)
2026-02-11 10:40:32.763 - Datasource mysql8-19be3364704-2990b7a92e577ae8 not found in project General (/General/Scripts/1_26수업.sql)
2026-02-11 10:40:32.765 - Datasource mysql8-19be3364704-2990b7a92e577ae8 not found in project General (/General/Scripts/1_23 수업.sql)
2026-02-11 10:40:32.926 - Datasource mysql8-19be3364704-2990b7a92e577ae8 not found in project General (/General/Scripts/1.DML,DDL 정리.sql)
2026-02-11 10:40:32.928 - Datasource mysql8-19be3364704-2990b7a92e577ae8 not found in project General (/General/Scripts/1_26수업.sql)
2026-02-11 10:40:32.929 - Datasource mysql8-19be3364704-2990b7a92e577ae8 not found in project General (/General/Scripts/1_23 수업.sql)
> Start DBeaver Tasks - Native Tools UI [org.jkiss.dbeaver.tasks.native.ui 1.0.149.202601181752]
> Start DBeaver MySQL UI Support [org.jkiss.dbeaver.ext.mysql.ui 1.0.163.202601181752]
> Start DBeaver Tasks - General UI [org.jkiss.dbeaver.tasks.ui 1.0.149.202601181752]
2026-02-11 10:40:36.313 - Datasource mysql8-19be3364704-2990b7a92e577ae8 not found in project General (/General/Scripts/1.DML,DDL 정리.sql)
2026-02-11 10:40:36.314 - Datasource mysql8-19be3364704-2990b7a92e577ae8 not found in project General (/General/Scripts/1_26수업.sql)
2026-02-11 10:40:36.318 - Datasource mysql8-19be3364704-2990b7a92e577ae8 not found in project General (/General/Scripts/1_23 수업.sql)
2026-02-11 11:11:06.709 - Datasource mysql8-19be3364704-2990b7a92e577ae8 not found in project General (/General/Scripts/1.DML,DDL 정리.sql)
2026-02-11 11:11:06.712 - Datasource mysql8-19be3364704-2990b7a92e577ae8 not found in project General (/General/Scripts/1_26수업.sql)
2026-02-11 11:11:06.713 - Datasource mysql8-19be3364704-2990b7a92e577ae8 not found in project General (/General/Scripts/1_23 수업.sql)
2026-02-11 11:11:09.475 - Datasource mysql8-19be3364704-2990b7a92e577ae8 not found in project General (/General/Scripts/1.DML,DDL 정리.sql)
2026-02-11 11:11:09.478 - Datasource mysql8-19be3364704-2990b7a92e577ae8 not found in project General (/General/Scripts/1_26수업.sql)
2026-02-11 11:11:09.481 - Datasource mysql8-19be3364704-2990b7a92e577ae8 not found in project General (/General/Scripts/1_23 수업.sql)
2026-02-11 11:39:02.295 - Datasource mysql8-19be3364704-2990b7a92e577ae8 not found in project General (/General/Scripts/1.DML,DDL 정리.sql)
2026-02-11 11:39:02.298 - Datasource mysql8-19be3364704-2990b7a92e577ae8 not found in project General (/General/Scripts/1_26수업.sql)
2026-02-11 11:39:02.298 - Datasource mysql8-19be3364704-2990b7a92e577ae8 not found in project General (/General/Scripts/1_23 수업.sql)
2026-02-11 11:39:04.244 - Execution context closed (localhost, 4)
2026-02-11 11:39:04.545 - Dispose navigator model
2026-02-11 11:39:04.583 - DBeaver is stopping
2026-02-11 11:39:04.587 - Stop instance server
2026-02-11 11:39:05.594 - Instance server has been stopped
2026-02-11 11:39:05.594 - DBeaver shutdown completed
