2026-02-22 11:08:13.287 - DBeaver 25.3.4.202602011558 is starting
2026-02-22 11:08:13.289 - OS: Windows 11 10.0 (amd64)
2026-02-22 11:08:13.289 - Java version: 21.0.8 by Eclipse Adoptium (64bit)
2026-02-22 11:08:13.290 - Install path: 'C:\Users\ssjle\AppData\Local\DBeaver'
2026-02-22 11:08:13.290 - Instance path: 'file:/C:/study/2.Database/'
2026-02-22 11:08:13.293 - Memory available 64Mb/1024Mb
2026-02-22 11:08:13.310 - Create display
2026-02-22 11:08:13.552 - Initialize desktop platform...
2026-02-22 11:08:13.718 - BounceCastle bundle found. Use JCE provider BC
> Start Core File Systems [org.eclipse.core.filesystem 1.11.400.v20251107-0507]
> Start Core Resource Management [org.eclipse.core.resources 3.23.100.v20251106-1705]
> Start DBeaver UI Navigator [org.jkiss.dbeaver.ui.navigator 1.0.172.202602011558]
> Start 팀 지원 핵심 [org.eclipse.team.core 3.10.900.v20251104-0924]
2026-02-22 11:08:14.026 - Initialize base platform...
2026-02-22 11:08:14.035 - send collected statistics
2026-02-22 11:08:14.049 - Platform initialized (498ms)
> Start Equinox Java Authentication and Authorization Service (JAAS) [org.eclipse.equinox.security 1.4.700.v20250622-1644]
> Start 인터넷 연결 관리 사용자 인터페이스 [org.eclipse.ui.net 1.5.500.v20250611-0855]
> Start Internet Connection Management [org.eclipse.core.net 1.5.800.v20250613-1119]
2026-02-22 11:08:14.562 - Proxy service 'org.eclipse.core.net.proxy.IProxyService' loaded
2026-02-22 11:08:14.657 - Starting instance server at http://localhost:59182
2026-02-22 11:08:14.667 - Run workbench
> Start Eclipse e4 작업영역 SWT [org.eclipse.e4.ui.workbench.swt 0.17.1000.v20251023-0611]
> Start Eclipse Application Services [org.eclipse.e4.core.services 2.5.300.v20251112-1253]
> Start Eclipse UI Application Services [org.eclipse.e4.ui.services 1.6.600.v20251023-1358]
> Start Eclipse e4 Progress View [org.eclipse.e4.ui.progress 0.4.900.v20251023-1511]
> Start Eclipse Bindings Support [org.eclipse.e4.ui.bindings 0.14.800.v20250916-0937]
> Start Eclipse e4 core commands [org.eclipse.e4.core.commands 1.1.700.v20250916-0927]
> Start EMF XML/XMI Persistence [org.eclipse.emf.ecore.xmi 2.39.0.v20250910-1205]
> Start Eclipse CSS SWT Theme Support [org.eclipse.e4.ui.css.swt.theme 0.14.600.v20251023-0615]
> Start Eclipse e4 작업영역 기능 추가 [org.eclipse.e4.ui.workbench.addons.swt 1.5.900.v20251007-0832]
Warning: NLS unused message: WorkbenchPreference_reuseEditorsThreshold in: org.eclipse.ui.internal.messages
Warning: NLS unused message: 이유 in: org.eclipse.ui.internal.messages
> Start Eclipse e4 작업영역 SWT 렌더러 [org.eclipse.e4.ui.workbench.renderers.swt 0.16.1000.v20251114-0005]
> Start Eclipse Dependency Injection Extensions [org.eclipse.e4.core.di.extensions 0.18.300.v20240413-1529]
> Start DBeaver AI Model [org.jkiss.dbeaver.model.ai 2.0.15.202602011558]
> Start DBeaver AI UI [org.jkiss.dbeaver.ui.ai 1.0.74.202602011558]
> Start Eclipse CSS SWT Support [org.eclipse.e4.ui.css.swt 0.15.700.v20251023-1511]
> Start JFace 텍스트 [org.eclipse.jface.text 3.29.0.v20251112-0859]
> Start 기본 문서 편집기 [org.eclipse.ui.editors 3.20.200.v20251125-0939]
> Start 텍스트 편집기 프레임워크 [org.eclipse.ui.workbench.texteditor 3.19.400.v20251105-0815]
2026-02-22 11:08:19.070 - Configure workbench window
> Start DBeaver SQL Model [org.jkiss.dbeaver.model.sql 1.0.162.202602011558]
2026-02-22 11:08:19.283 - Total database drivers: 127 (127)
> Start 도움말 시스템 코어 [org.eclipse.help 3.10.600.v20250613-0437]
2026-02-22 11:08:19.358 - Create actions
2026-02-22 11:08:20.149 - Initialize workbench window
2026-02-22 11:08:20.174 - Finish initialization
> Start DBeaver UI Editors - Data [org.jkiss.dbeaver.ui.editors.data 1.0.172.202602011558]
> Start DBeaver UI Editors - SQL [org.jkiss.dbeaver.ui.editors.sql 1.0.172.202602011558]
> Start DBeaver Sample Database [org.jkiss.dbeaver.ui.config.sample 1.0.209.202602011558]
2026-02-22 11:08:22.892 - Open [https://dbeaver.io/product/version.xml]
2026-02-22 11:08:23.385 - Connect with 'localhost' (mysql8-19c4275315b-6c218b5a4ee5446e)
> Start DBeaver JDBC Model [org.jkiss.dbeaver.model.jdbc 1.0.65.202602011558]
> Start DBeaver MySQL Support [org.jkiss.dbeaver.ext.mysql 2.1.257.202602011558]
2026-02-22 11:08:23.455 - Execution context opened (localhost; Main; 0)
> Start DBeaver GIS Support [org.jkiss.dbeaver.data.gis 1.0.196.202602011558]
2026-02-22 11:08:23.771 - Execution context opened (localhost; Metadata; 1)
2026-02-22 11:08:23.865 - Connected (mysql8-19c4275315b-6c218b5a4ee5446e, MySQL Connector/J [mysql-connector-j-8.2.0 (Revision: 06a1f724497fd81c6a659131fda822c9e5085b6c)])
> Start DBeaver Dashboard UI [org.jkiss.dbeaver.ui.dashboard 1.0.169.202602011558]
> Start GEF Classic Draw2d [org.eclipse.draw2d 3.21.0.202512020742]
> Start GEF Classic GEF (MVC) [org.eclipse.gef 3.24.0.202511201732]
> Start DBeaver ERD UI [org.jkiss.dbeaver.ui.editors.erd 3.1.13.202602011558]
> Start DBeaver ERD Model [org.jkiss.dbeaver.model.erd 1.1.13.202602011558]
Warning: NLS unused message: FindReplace_RegExCheckbox_label in: org.eclipse.ui.texteditor.EditorMessages
Warning: NLS unused message: FindReplace_WrapCheckBox_label in: org.eclipse.ui.texteditor.EditorMessages
Warning: NLS unused message: FindReplace_IncrementalCheckBox_label in: org.eclipse.ui.texteditor.EditorMessages
Warning: NLS unused message: FindReplace_Options in: org.eclipse.ui.texteditor.EditorMessages
Warning: NLS unused message: FindReplace_ReplaceSelectionButton_label in: org.eclipse.ui.texteditor.EditorMessages
Warning: NLS unused message: FindReplace_SelectedRangeRadioButton_label in: org.eclipse.ui.texteditor.EditorMessages
Warning: NLS unused message: FindReplace_SelectAllButton_label in: org.eclipse.ui.texteditor.EditorMessages
Warning: NLS unused message: FindReplace_GlobalRadioButton_label in: org.eclipse.ui.texteditor.EditorMessages
Warning: NLS unused message: FindReplace_WholeWordCheckBox_label in: org.eclipse.ui.texteditor.EditorMessages
Warning: NLS unused message: FindReplace_ReplaceFindButton_label in: org.eclipse.ui.texteditor.EditorMessages
Warning: NLS unused message: FindReplace_BackwardRadioButton_label in: org.eclipse.ui.texteditor.EditorMessages
Warning: NLS unused message: FindReplace_CloseButton_label in: org.eclipse.ui.texteditor.EditorMessages
Warning: NLS unused message: FindReplace_Replace_label in: org.eclipse.ui.texteditor.EditorMessages
Warning: NLS unused message: FindReplace_CaseCheckBox_label in: org.eclipse.ui.texteditor.EditorMessages
Warning: NLS unused message: FindReplace_Status_replacements_label in: org.eclipse.ui.texteditor.EditorMessages
Warning: NLS unused message: FindReplace_title in: org.eclipse.ui.texteditor.EditorMessages
Warning: NLS unused message: FindReplace_Direction in: org.eclipse.ui.texteditor.EditorMessages
Warning: NLS unused message: FindReplace_ReplaceAllButton_label in: org.eclipse.ui.texteditor.EditorMessages
Warning: NLS unused message: FindReplace_Scope in: org.eclipse.ui.texteditor.EditorMessages
Warning: NLS unused message: FindReplace_Find_label in: org.eclipse.ui.texteditor.EditorMessages
Warning: NLS unused message: FindReplace_ForwardRadioButton_label in: org.eclipse.ui.texteditor.EditorMessages
Warning: NLS unused message: FindReplace_FindNextButton_label in: org.eclipse.ui.texteditor.EditorMessages
2026-02-22 16:06:29.156 - System awake detected. Reinitialize all remote connections.
2026-02-22 16:06:29.159 - Invalidate connection 'localhost'
2026-02-22 16:06:29.167 - 	Invalidate context 'Main' for mysql8-19c4275315b-6c218b5a4ee5446e (BEFORE_INVALIDATE)
2026-02-22 16:06:29.234 - 	Invalidate context 'Metadata' for mysql8-19c4275315b-6c218b5a4ee5446e (BEFORE_INVALIDATE)
2026-02-22 16:06:29.252 - 	Invalidate context 'Main' for mysql8-19c4275315b-6c218b5a4ee5446e (INVALIDATE)
2026-02-22 16:06:29.272 - 	Invalidate context 'Metadata' for mysql8-19c4275315b-6c218b5a4ee5446e (INVALIDATE)
2026-02-22 16:06:29.282 - 	Invalidate context 'Main' for mysql8-19c4275315b-6c218b5a4ee5446e (AFTER_INVALIDATE)
2026-02-22 16:06:29.282 - 	Invalidate context 'Metadata' for mysql8-19c4275315b-6c218b5a4ee5446e (AFTER_INVALIDATE)
2026-02-22 16:09:51.980 - System awake detected. Reinitialize all remote connections.
2026-02-22 16:09:51.981 - Invalidate connection 'localhost'
2026-02-22 16:09:51.982 - 	Invalidate context 'Main' for mysql8-19c4275315b-6c218b5a4ee5446e (BEFORE_INVALIDATE)
2026-02-22 16:09:51.994 - 	Invalidate context 'Metadata' for mysql8-19c4275315b-6c218b5a4ee5446e (BEFORE_INVALIDATE)
2026-02-22 16:09:52.006 - 	Invalidate context 'Main' for mysql8-19c4275315b-6c218b5a4ee5446e (INVALIDATE)
2026-02-22 16:09:52.017 - 	Invalidate context 'Metadata' for mysql8-19c4275315b-6c218b5a4ee5446e (INVALIDATE)
2026-02-22 16:09:52.025 - 	Invalidate context 'Main' for mysql8-19c4275315b-6c218b5a4ee5446e (AFTER_INVALIDATE)
2026-02-22 16:09:52.025 - 	Invalidate context 'Metadata' for mysql8-19c4275315b-6c218b5a4ee5446e (AFTER_INVALIDATE)
2026-02-22 19:54:21.965 - System awake detected. Reinitialize all remote connections.
2026-02-22 19:54:21.965 - Invalidate connection 'localhost'
2026-02-22 19:54:21.966 - 	Invalidate context 'Main' for mysql8-19c4275315b-6c218b5a4ee5446e (BEFORE_INVALIDATE)
2026-02-22 19:54:21.976 - 	Invalidate context 'Metadata' for mysql8-19c4275315b-6c218b5a4ee5446e (BEFORE_INVALIDATE)
2026-02-22 19:54:21.987 - 	Invalidate context 'Main' for mysql8-19c4275315b-6c218b5a4ee5446e (INVALIDATE)
2026-02-22 19:54:22.013 - 	Invalidate context 'Metadata' for mysql8-19c4275315b-6c218b5a4ee5446e (INVALIDATE)
2026-02-22 19:54:22.019 - 	Invalidate context 'Main' for mysql8-19c4275315b-6c218b5a4ee5446e (AFTER_INVALIDATE)
2026-02-22 19:54:22.020 - 	Invalidate context 'Metadata' for mysql8-19c4275315b-6c218b5a4ee5446e (AFTER_INVALIDATE)
2026-02-22 19:54:22.033 - Execution context closed (localhost, 0)
2026-02-22 19:54:22.051 - Execution context closed (localhost, 1)
2026-02-22 19:54:22.052 - Disconnected (mysql8-19c4275315b-6c218b5a4ee5446e)
2026-02-22 20:04:47.626 - Connect with 'localhost' (mysql8-19c4275315b-6c218b5a4ee5446e)
2026-02-22 20:04:47.630 - Execution context opened (localhost; Main; 2)
2026-02-22 20:04:47.656 - Execution context opened (localhost; Metadata; 3)
2026-02-22 20:04:47.697 - Connected (mysql8-19c4275315b-6c218b5a4ee5446e, MySQL Connector/J [mysql-connector-j-8.2.0 (Revision: 06a1f724497fd81c6a659131fda822c9e5085b6c)])
2026-02-22 22:16:38.361 - System awake detected. Reinitialize all remote connections.
2026-02-22 22:16:38.362 - Invalidate connection 'localhost'
2026-02-22 22:16:38.364 - 	Invalidate context 'Main' for mysql8-19c4275315b-6c218b5a4ee5446e (BEFORE_INVALIDATE)
2026-02-22 22:16:38.376 - 	Invalidate context 'Metadata' for mysql8-19c4275315b-6c218b5a4ee5446e (BEFORE_INVALIDATE)
2026-02-22 22:16:38.401 - 	Invalidate context 'Main' for mysql8-19c4275315b-6c218b5a4ee5446e (INVALIDATE)
2026-02-22 22:16:38.417 - 	Invalidate context 'Metadata' for mysql8-19c4275315b-6c218b5a4ee5446e (INVALIDATE)
2026-02-22 22:16:38.426 - 	Invalidate context 'Main' for mysql8-19c4275315b-6c218b5a4ee5446e (AFTER_INVALIDATE)
2026-02-22 22:16:38.426 - 	Invalidate context 'Metadata' for mysql8-19c4275315b-6c218b5a4ee5446e (AFTER_INVALIDATE)
2026-02-22 22:18:44.483 - System awake detected. Reinitialize all remote connections.
2026-02-22 22:18:44.488 - Invalidate connection 'localhost'
2026-02-22 22:18:44.489 - 	Invalidate context 'Main' for mysql8-19c4275315b-6c218b5a4ee5446e (BEFORE_INVALIDATE)
2026-02-22 22:18:44.499 - 	Invalidate context 'Metadata' for mysql8-19c4275315b-6c218b5a4ee5446e (BEFORE_INVALIDATE)
2026-02-22 22:18:44.510 - 	Invalidate context 'Main' for mysql8-19c4275315b-6c218b5a4ee5446e (INVALIDATE)
2026-02-22 22:18:44.553 - 	Invalidate context 'Metadata' for mysql8-19c4275315b-6c218b5a4ee5446e (INVALIDATE)
2026-02-22 22:18:44.558 - 	Invalidate context 'Main' for mysql8-19c4275315b-6c218b5a4ee5446e (AFTER_INVALIDATE)
2026-02-22 22:18:44.558 - 	Invalidate context 'Metadata' for mysql8-19c4275315b-6c218b5a4ee5446e (AFTER_INVALIDATE)
> Start DBeaver SQL Terminal [org.jkiss.dbeaver.ui.editors.sql.terminal 1.0.148.202602011558]
> Start 핵심 비교 지원 [org.eclipse.compare.core 3.8.800.v20250718-1505]
> Start 콘솔 [org.eclipse.ui.console 3.15.0.v20251113-1013]
> Start 디버그 핵심 [org.eclipse.debug.core 3.23.200.v20251107-0507]
2026-02-22 22:33:14.636 - Execution context opened (localhost; SQLEditor <springProject.sql>; 4)
> Start DBeaver SQL Language Semantic Model [org.jkiss.dbeaver.model.lsm 1.0.67.202602011558]
> Start DBeaver Tasks - Native Tools UI [org.jkiss.dbeaver.tasks.native.ui 1.0.150.202602011558]
> Start DBeaver MySQL UI Support [org.jkiss.dbeaver.ext.mysql.ui 1.0.164.202602011558]
> Start DBeaver Tasks - General UI [org.jkiss.dbeaver.tasks.ui 1.0.150.202602011558]
> Start DBeaver Data Transfer [org.jkiss.dbeaver.data.transfer 2.0.156.202602011558]
2026-02-22 23:21:50.662 - System awake detected. Reinitialize all remote connections.
2026-02-22 23:21:50.669 - Invalidate connection 'localhost'
2026-02-22 23:21:50.674 - 	Invalidate context 'Main' for mysql8-19c4275315b-6c218b5a4ee5446e (BEFORE_INVALIDATE)
2026-02-22 23:21:50.752 - 	Invalidate context 'Metadata' for mysql8-19c4275315b-6c218b5a4ee5446e (BEFORE_INVALIDATE)
2026-02-22 23:21:50.768 - 	Invalidate context 'SQLEditor <springProject.sql>' for mysql8-19c4275315b-6c218b5a4ee5446e (BEFORE_INVALIDATE)
2026-02-22 23:21:50.784 - 	Invalidate context 'Main' for mysql8-19c4275315b-6c218b5a4ee5446e (INVALIDATE)
2026-02-22 23:21:50.800 - 	Invalidate context 'Metadata' for mysql8-19c4275315b-6c218b5a4ee5446e (INVALIDATE)
2026-02-22 23:21:50.822 - 	Invalidate context 'SQLEditor <springProject.sql>' for mysql8-19c4275315b-6c218b5a4ee5446e (INVALIDATE)
2026-02-22 23:21:50.831 - 	Invalidate context 'Main' for mysql8-19c4275315b-6c218b5a4ee5446e (AFTER_INVALIDATE)
2026-02-22 23:21:50.831 - 	Invalidate context 'Metadata' for mysql8-19c4275315b-6c218b5a4ee5446e (AFTER_INVALIDATE)
2026-02-22 23:21:50.831 - 	Invalidate context 'SQLEditor <springProject.sql>' for mysql8-19c4275315b-6c218b5a4ee5446e (AFTER_INVALIDATE)
2026-02-23 09:01:34.667 - System awake detected. Reinitialize all remote connections.
2026-02-23 09:01:34.668 - Invalidate connection 'localhost'
2026-02-23 09:01:34.668 - 	Invalidate context 'Main' for mysql8-19c4275315b-6c218b5a4ee5446e (BEFORE_INVALIDATE)
2026-02-23 09:01:34.682 - 	Invalidate context 'Metadata' for mysql8-19c4275315b-6c218b5a4ee5446e (BEFORE_INVALIDATE)
2026-02-23 09:01:34.698 - 	Invalidate context 'SQLEditor <springProject.sql>' for mysql8-19c4275315b-6c218b5a4ee5446e (BEFORE_INVALIDATE)
2026-02-23 09:01:34.714 - 	Invalidate context 'Main' for mysql8-19c4275315b-6c218b5a4ee5446e (INVALIDATE)
2026-02-23 09:01:34.758 - 	Invalidate context 'Metadata' for mysql8-19c4275315b-6c218b5a4ee5446e (INVALIDATE)
2026-02-23 09:01:34.764 - 	Invalidate context 'SQLEditor <springProject.sql>' for mysql8-19c4275315b-6c218b5a4ee5446e (INVALIDATE)
2026-02-23 09:01:34.768 - 	Invalidate context 'Main' for mysql8-19c4275315b-6c218b5a4ee5446e (AFTER_INVALIDATE)
2026-02-23 09:01:34.769 - 	Invalidate context 'Metadata' for mysql8-19c4275315b-6c218b5a4ee5446e (AFTER_INVALIDATE)
2026-02-23 09:01:34.769 - 	Invalidate context 'SQLEditor <springProject.sql>' for mysql8-19c4275315b-6c218b5a4ee5446e (AFTER_INVALIDATE)
2026-02-23 09:01:34.790 - Execution context closed (localhost, 2)
2026-02-23 09:01:34.805 - Execution context closed (localhost, 3)
2026-02-23 09:01:34.821 - Execution context closed (localhost, 4)
2026-02-23 09:01:34.822 - Disconnected (mysql8-19c4275315b-6c218b5a4ee5446e)
2026-02-23 09:01:35.359 - Application goes into sleep mode
2026-02-23 09:01:37.770 - System suspend detected. Close all remote connections.
2026-02-23 09:30:10.925 - Application wakes
2026-02-23 09:48:59.281 - Connect with 'localhost' (mysql8-19c4275315b-6c218b5a4ee5446e)
2026-02-23 09:48:59.286 - Execution context opened (localhost; Main; 5)
2026-02-23 09:48:59.301 - Execution context opened (localhost; Metadata; 6)
2026-02-23 09:48:59.314 - Execution context opened (localhost; SQLEditor <springProject.sql>; 7)
2026-02-23 09:48:59.360 - Connected (mysql8-19c4275315b-6c218b5a4ee5446e, MySQL Connector/J [mysql-connector-j-8.2.0 (Revision: 06a1f724497fd81c6a659131fda822c9e5085b6c)])
2026-02-23 12:29:29.618 - System awake detected. Reinitialize all remote connections.
2026-02-23 12:29:29.633 - Invalidate connection 'localhost'
2026-02-23 12:29:29.635 - 	Invalidate context 'Main' for mysql8-19c4275315b-6c218b5a4ee5446e (BEFORE_INVALIDATE)
2026-02-23 12:29:29.656 - 	Invalidate context 'Metadata' for mysql8-19c4275315b-6c218b5a4ee5446e (BEFORE_INVALIDATE)
2026-02-23 12:29:29.673 - 	Invalidate context 'SQLEditor <springProject.sql>' for mysql8-19c4275315b-6c218b5a4ee5446e (BEFORE_INVALIDATE)
2026-02-23 12:29:29.689 - 	Invalidate context 'Main' for mysql8-19c4275315b-6c218b5a4ee5446e (INVALIDATE)
2026-02-23 12:29:29.730 - 	Invalidate context 'Metadata' for mysql8-19c4275315b-6c218b5a4ee5446e (INVALIDATE)
2026-02-23 12:29:29.735 - 	Invalidate context 'SQLEditor <springProject.sql>' for mysql8-19c4275315b-6c218b5a4ee5446e (INVALIDATE)
2026-02-23 12:29:29.739 - 	Invalidate context 'Main' for mysql8-19c4275315b-6c218b5a4ee5446e (AFTER_INVALIDATE)
2026-02-23 12:29:29.739 - 	Invalidate context 'Metadata' for mysql8-19c4275315b-6c218b5a4ee5446e (AFTER_INVALIDATE)
2026-02-23 12:29:29.740 - 	Invalidate context 'SQLEditor <springProject.sql>' for mysql8-19c4275315b-6c218b5a4ee5446e (AFTER_INVALIDATE)
2026-02-23 13:08:37.845 - System awake detected. Reinitialize all remote connections.
2026-02-23 13:08:37.863 - Invalidate connection 'localhost'
2026-02-23 13:08:37.863 - 	Invalidate context 'Main' for mysql8-19c4275315b-6c218b5a4ee5446e (BEFORE_INVALIDATE)
2026-02-23 13:08:37.875 - 	Invalidate context 'Metadata' for mysql8-19c4275315b-6c218b5a4ee5446e (BEFORE_INVALIDATE)
2026-02-23 13:08:37.891 - 	Invalidate context 'SQLEditor <springProject.sql>' for mysql8-19c4275315b-6c218b5a4ee5446e (BEFORE_INVALIDATE)
2026-02-23 13:08:37.907 - 	Invalidate context 'Main' for mysql8-19c4275315b-6c218b5a4ee5446e (INVALIDATE)
2026-02-23 13:08:37.924 - 	Invalidate context 'Metadata' for mysql8-19c4275315b-6c218b5a4ee5446e (INVALIDATE)
2026-02-23 13:08:37.930 - 	Invalidate context 'SQLEditor <springProject.sql>' for mysql8-19c4275315b-6c218b5a4ee5446e (INVALIDATE)
2026-02-23 13:08:37.937 - 	Invalidate context 'Main' for mysql8-19c4275315b-6c218b5a4ee5446e (AFTER_INVALIDATE)
2026-02-23 13:08:37.937 - 	Invalidate context 'Metadata' for mysql8-19c4275315b-6c218b5a4ee5446e (AFTER_INVALIDATE)
2026-02-23 13:08:37.937 - 	Invalidate context 'SQLEditor <springProject.sql>' for mysql8-19c4275315b-6c218b5a4ee5446e (AFTER_INVALIDATE)
2026-02-23 13:33:33.992 - System awake detected. Reinitialize all remote connections.
2026-02-23 13:33:34.000 - Invalidate connection 'localhost'
2026-02-23 13:33:34.001 - 	Invalidate context 'Main' for mysql8-19c4275315b-6c218b5a4ee5446e (BEFORE_INVALIDATE)
2026-02-23 13:33:34.017 - 	Invalidate context 'Metadata' for mysql8-19c4275315b-6c218b5a4ee5446e (BEFORE_INVALIDATE)
2026-02-23 13:33:34.035 - 	Invalidate context 'SQLEditor <springProject.sql>' for mysql8-19c4275315b-6c218b5a4ee5446e (BEFORE_INVALIDATE)
2026-02-23 13:33:34.054 - 	Invalidate context 'Main' for mysql8-19c4275315b-6c218b5a4ee5446e (INVALIDATE)
2026-02-23 13:33:34.108 - 	Invalidate context 'Metadata' for mysql8-19c4275315b-6c218b5a4ee5446e (INVALIDATE)
2026-02-23 13:33:34.141 - 	Invalidate context 'SQLEditor <springProject.sql>' for mysql8-19c4275315b-6c218b5a4ee5446e (INVALIDATE)
2026-02-23 13:33:34.166 - 	Invalidate context 'Main' for mysql8-19c4275315b-6c218b5a4ee5446e (AFTER_INVALIDATE)
2026-02-23 13:33:34.166 - 	Invalidate context 'Metadata' for mysql8-19c4275315b-6c218b5a4ee5446e (AFTER_INVALIDATE)
2026-02-23 13:33:34.166 - 	Invalidate context 'SQLEditor <springProject.sql>' for mysql8-19c4275315b-6c218b5a4ee5446e (AFTER_INVALIDATE)
2026-02-23 13:53:18.955 - Execution context closed (localhost, 5)
2026-02-23 13:53:18.970 - Execution context closed (localhost, 6)
2026-02-23 13:53:18.986 - Execution context closed (localhost, 7)
2026-02-23 13:53:18.987 - Disconnected (mysql8-19c4275315b-6c218b5a4ee5446e)
2026-02-23 13:55:36.854 - Connect with 'localhost' (mysql8-19c4275315b-6c218b5a4ee5446e)
2026-02-23 13:55:36.856 - Execution context opened (localhost; Main; 8)
2026-02-23 13:55:36.865 - Execution context opened (localhost; Metadata; 9)
2026-02-23 13:55:36.876 - Execution context opened (localhost; SQLEditor <springProject.sql>; 10)
2026-02-23 13:55:36.900 - Connected (mysql8-19c4275315b-6c218b5a4ee5446e, MySQL Connector/J [mysql-connector-j-8.2.0 (Revision: 06a1f724497fd81c6a659131fda822c9e5085b6c)])
2026-02-23 16:38:32.085 - Execution context closed (localhost, 10)
2026-02-23 16:38:32.742 - Dispose navigator model
2026-02-23 16:38:32.771 - DBeaver is stopping
2026-02-23 16:38:32.776 - Stop instance server
2026-02-23 16:38:33.785 - Instance server has been stopped
2026-02-23 16:38:33.785 - DBeaver shutdown completed
