2026-02-20 17:19:27.603 - DBeaver 25.3.4.202602011558 is starting
2026-02-20 17:19:27.605 - OS: Windows 11 10.0 (amd64)
2026-02-20 17:19:27.606 - Java version: 21.0.8 by Eclipse Adoptium (64bit)
2026-02-20 17:19:27.606 - Install path: 'C:\Users\ssjle\AppData\Local\DBeaver'
2026-02-20 17:19:27.606 - Instance path: 'file:/C:/study/2.Database/'
2026-02-20 17:19:27.609 - Memory available 64Mb/1024Mb
2026-02-20 17:19:27.623 - Create display
2026-02-20 17:19:27.866 - Initialize desktop platform...
2026-02-20 17:19:28.024 - BounceCastle bundle found. Use JCE provider BC
> Start Core File Systems [org.eclipse.core.filesystem 1.11.400.v20251107-0507]
> Start Core Resource Management [org.eclipse.core.resources 3.23.100.v20251106-1705]
> Start 팀 지원 핵심 [org.eclipse.team.core 3.10.900.v20251104-0924]
> Start DBeaver UI Navigator [org.jkiss.dbeaver.ui.navigator 1.0.172.202602011558]
2026-02-20 17:19:28.414 - Initialize base platform...
2026-02-20 17:19:28.425 - send collected statistics
2026-02-20 17:19:28.445 - Platform initialized (579ms)
> Start Equinox Java Authentication and Authorization Service (JAAS) [org.eclipse.equinox.security 1.4.700.v20250622-1644]
> Start 인터넷 연결 관리 사용자 인터페이스 [org.eclipse.ui.net 1.5.500.v20250611-0855]
> Start Internet Connection Management [org.eclipse.core.net 1.5.800.v20250613-1119]
2026-02-20 17:19:28.985 - Proxy service 'org.eclipse.core.net.proxy.IProxyService' loaded
2026-02-20 17:19:29.330 - Error accessing instance server: java.net.ConnectException
2026-02-20 17:19:29.357 - Starting instance server at http://localhost:51083
2026-02-20 17:19:29.370 - Run workbench
> Start Eclipse e4 작업영역 SWT [org.eclipse.e4.ui.workbench.swt 0.17.1000.v20251023-0611]
> Start Eclipse Application Services [org.eclipse.e4.core.services 2.5.300.v20251112-1253]
> Start Eclipse UI Application Services [org.eclipse.e4.ui.services 1.6.600.v20251023-1358]
> Start Eclipse e4 Progress View [org.eclipse.e4.ui.progress 0.4.900.v20251023-1511]
> Start Eclipse Bindings Support [org.eclipse.e4.ui.bindings 0.14.800.v20250916-0937]
> Start Eclipse e4 core commands [org.eclipse.e4.core.commands 1.1.700.v20250916-0927]
> Start EMF XML/XMI Persistence [org.eclipse.emf.ecore.xmi 2.39.0.v20250910-1205]
> Start Eclipse CSS SWT Theme Support [org.eclipse.e4.ui.css.swt.theme 0.14.600.v20251023-0615]
> Start Eclipse e4 작업영역 기능 추가 [org.eclipse.e4.ui.workbench.addons.swt 1.5.900.v20251007-0832]
Warning: NLS unused message: WorkbenchPreference_reuseEditorsThreshold in: org.eclipse.ui.internal.messages
Warning: NLS unused message: 이유 in: org.eclipse.ui.internal.messages
> Start Eclipse e4 작업영역 SWT 렌더러 [org.eclipse.e4.ui.workbench.renderers.swt 0.16.1000.v20251114-0005]
2026-02-20 17:19:31.459 - Open [https://stats.dbeaver.com/send-statistics?session=7b968006-c8d1-46e9-86bb-e917e105ae12&time=1771564473]
> Start Eclipse Dependency Injection Extensions [org.eclipse.e4.core.di.extensions 0.18.300.v20240413-1529]
> Start DBeaver AI Model [org.jkiss.dbeaver.model.ai 2.0.15.202602011558]
> Start DBeaver AI UI [org.jkiss.dbeaver.ui.ai 1.0.74.202602011558]
> Start Eclipse CSS SWT Support [org.eclipse.e4.ui.css.swt 0.15.700.v20251023-1511]
2026-02-20 17:19:32.515 - Statistics sent (OK)
> Start JFace 텍스트 [org.eclipse.jface.text 3.29.0.v20251112-0859]
> Start 기본 문서 편집기 [org.eclipse.ui.editors 3.20.200.v20251125-0939]
> Start 텍스트 편집기 프레임워크 [org.eclipse.ui.workbench.texteditor 3.19.400.v20251105-0815]
2026-02-20 17:19:33.677 - Configure workbench window
> Start DBeaver SQL Model [org.jkiss.dbeaver.model.sql 1.0.162.202602011558]
2026-02-20 17:19:33.897 - Total database drivers: 127 (127)
> Start 도움말 시스템 코어 [org.eclipse.help 3.10.600.v20250613-0437]
2026-02-20 17:19:34.007 - Create actions
2026-02-20 17:19:35.051 - Initialize workbench window
2026-02-20 17:19:35.068 - Finish initialization
> Start DBeaver UI Editors - Data [org.jkiss.dbeaver.ui.editors.data 1.0.172.202602011558]
> Start DBeaver UI Editors - SQL [org.jkiss.dbeaver.ui.editors.sql 1.0.172.202602011558]
Warning: NLS unused message: FindReplace_RegExCheckbox_label in: org.eclipse.ui.texteditor.EditorMessages
Warning: NLS unused message: FindReplace_WrapCheckBox_label in: org.eclipse.ui.texteditor.EditorMessages
Warning: NLS unused message: FindReplace_IncrementalCheckBox_label in: org.eclipse.ui.texteditor.EditorMessages
Warning: NLS unused message: FindReplace_Options in: org.eclipse.ui.texteditor.EditorMessages
Warning: NLS unused message: FindReplace_ReplaceSelectionButton_label in: org.eclipse.ui.texteditor.EditorMessages
Warning: NLS unused message: FindReplace_SelectedRangeRadioButton_label in: org.eclipse.ui.texteditor.EditorMessages
Warning: NLS unused message: FindReplace_SelectAllButton_label in: org.eclipse.ui.texteditor.EditorMessages
Warning: NLS unused message: FindReplace_GlobalRadioButton_label in: org.eclipse.ui.texteditor.EditorMessages
Warning: NLS unused message: FindReplace_WholeWordCheckBox_label in: org.eclipse.ui.texteditor.EditorMessages
Warning: NLS unused message: FindReplace_ReplaceFindButton_label in: org.eclipse.ui.texteditor.EditorMessages
Warning: NLS unused message: FindReplace_BackwardRadioButton_label in: org.eclipse.ui.texteditor.EditorMessages
Warning: NLS unused message: FindReplace_CloseButton_label in: org.eclipse.ui.texteditor.EditorMessages
Warning: NLS unused message: FindReplace_Replace_label in: org.eclipse.ui.texteditor.EditorMessages
Warning: NLS unused message: FindReplace_CaseCheckBox_label in: org.eclipse.ui.texteditor.EditorMessages
Warning: NLS unused message: FindReplace_Status_replacements_label in: org.eclipse.ui.texteditor.EditorMessages
Warning: NLS unused message: FindReplace_title in: org.eclipse.ui.texteditor.EditorMessages
Warning: NLS unused message: FindReplace_Direction in: org.eclipse.ui.texteditor.EditorMessages
Warning: NLS unused message: FindReplace_ReplaceAllButton_label in: org.eclipse.ui.texteditor.EditorMessages
Warning: NLS unused message: FindReplace_Scope in: org.eclipse.ui.texteditor.EditorMessages
Warning: NLS unused message: FindReplace_Find_label in: org.eclipse.ui.texteditor.EditorMessages
Warning: NLS unused message: FindReplace_ForwardRadioButton_label in: org.eclipse.ui.texteditor.EditorMessages
Warning: NLS unused message: FindReplace_FindNextButton_label in: org.eclipse.ui.texteditor.EditorMessages
> Start DBeaver SQL Terminal [org.jkiss.dbeaver.ui.editors.sql.terminal 1.0.148.202602011558]
> Start 핵심 비교 지원 [org.eclipse.compare.core 3.8.800.v20250718-1505]
> Start DBeaver Sample Database [org.jkiss.dbeaver.ui.config.sample 1.0.209.202602011558]
2026-02-20 17:19:38.199 - Open [https://dbeaver.io/product/version.xml]
> Start DBeaver Dashboard UI [org.jkiss.dbeaver.ui.dashboard 1.0.169.202602011558]
> Start GEF Classic Draw2d [org.eclipse.draw2d 3.21.0.202512020742]
> Start GEF Classic GEF (MVC) [org.eclipse.gef 3.24.0.202511201732]
> Start DBeaver ERD UI [org.jkiss.dbeaver.ui.editors.erd 3.1.13.202602011558]
> Start DBeaver ERD Model [org.jkiss.dbeaver.model.erd 1.1.13.202602011558]
> Start DBeaver JDBC Model [org.jkiss.dbeaver.model.jdbc 1.0.65.202602011558]
> Start DBeaver Generic Plug-in [org.jkiss.dbeaver.ext.generic 2.3.258.202602011558]
> Start DBeaver SQLite Model [org.jkiss.dbeaver.ext.sqlite 1.0.221.202602011558]
> Start 콘솔 [org.eclipse.ui.console 3.15.0.v20251113-1013]
> Start 디버그 핵심 [org.eclipse.debug.core 3.23.200.v20251107-0507]
2026-02-20 17:19:39.237 - Connect with 'app.db' (sqlite_jdbc-19c31b433ef-74f88631c90ed20a)
2026-02-20 17:19:39.274 - Execution context opened (app.db; Main; 0)
2026-02-20 17:19:39.436 - Connected (sqlite_jdbc-19c31b433ef-74f88631c90ed20a, SQLite JDBC [3.51.1.0])
> Start DBeaver SQL Language Semantic Model [org.jkiss.dbeaver.model.lsm 1.0.67.202602011558]
2026-02-20 17:21:07.821 - Connect with 'localhost' (mysql8-19c4275315b-6c218b5a4ee5446e)
> Start DBeaver MySQL Support [org.jkiss.dbeaver.ext.mysql 2.1.257.202602011558]
2026-02-20 17:21:07.841 - Execution context opened (localhost; Main; 1)
> Start DBeaver GIS Support [org.jkiss.dbeaver.data.gis 1.0.196.202602011558]
2026-02-20 17:21:08.154 - Execution context opened (localhost; Metadata; 2)
2026-02-20 17:21:08.255 - Connected (mysql8-19c4275315b-6c218b5a4ee5446e, MySQL Connector/J [mysql-connector-j-8.2.0 (Revision: 06a1f724497fd81c6a659131fda822c9e5085b6c)])
> Start DBeaver MySQL UI Support [org.jkiss.dbeaver.ext.mysql.ui 1.0.164.202602011558]
2026-02-20 17:27:45.172 - Execution context opened (localhost; SQLEditor <Script-8.sql>; 3)
> Start DBeaver Tasks - Native Tools UI [org.jkiss.dbeaver.tasks.native.ui 1.0.150.202602011558]
> Start DBeaver Tasks - General UI [org.jkiss.dbeaver.tasks.ui 1.0.150.202602011558]
> Start DBeaver Data Transfer [org.jkiss.dbeaver.data.transfer 2.0.156.202602011558]
2026-02-20 17:30:56.171 - Table 'spring_project.members' not found in metadata catalog
2026-02-20 17:30:56.171 - Table 'spring_project.members' not found in metadata catalog
2026-02-20 17:30:56.171 - Table 'spring_project.members' not found in metadata catalog
2026-02-20 17:30:56.171 - Table 'spring_project.members' not found in metadata catalog
2026-02-20 17:30:56.171 - Table 'spring_project.members' not found in metadata catalog
2026-02-20 17:30:56.171 - Table 'spring_project.members' not found in metadata catalog
2026-02-20 17:30:56.171 - Table 'spring_project.members' not found in metadata catalog
2026-02-20 17:30:56.172 - Table 'spring_project.members' not found in metadata catalog
2026-02-20 17:30:56.431 - Table 'spring_project.books' not found in metadata catalog
2026-02-20 17:30:56.431 - Table 'spring_project.books' not found in metadata catalog
2026-02-20 17:30:56.432 - Table 'spring_project.books' not found in metadata catalog
2026-02-20 17:30:56.432 - Table 'spring_project.books' not found in metadata catalog
2026-02-20 17:30:56.673 - Table 'spring_project.borrowing' not found in metadata catalog
2026-02-20 17:30:56.673 - Table 'spring_project.borrowing' not found in metadata catalog
2026-02-20 17:30:56.674 - Table 'spring_project.borrowing' not found in metadata catalog
2026-02-20 17:30:56.674 - Table 'spring_project.borrowing' not found in metadata catalog
2026-02-20 18:52:50.871 - System awake detected. Reinitialize all remote connections.
2026-02-20 18:52:50.880 - Invalidate connection 'localhost'
2026-02-20 18:52:50.907 - 	Invalidate context 'Main' for mysql8-19c4275315b-6c218b5a4ee5446e (BEFORE_INVALIDATE)
2026-02-20 18:52:50.933 - 	Invalidate context 'Metadata' for mysql8-19c4275315b-6c218b5a4ee5446e (BEFORE_INVALIDATE)
2026-02-20 18:52:50.949 - 	Invalidate context 'SQLEditor <Script-8.sql>' for mysql8-19c4275315b-6c218b5a4ee5446e (BEFORE_INVALIDATE)
2026-02-20 18:52:50.967 - 	Invalidate context 'Main' for mysql8-19c4275315b-6c218b5a4ee5446e (INVALIDATE)
2026-02-20 18:52:50.991 - 	Invalidate context 'Metadata' for mysql8-19c4275315b-6c218b5a4ee5446e (INVALIDATE)
2026-02-20 18:52:51.003 - 	Invalidate context 'SQLEditor <Script-8.sql>' for mysql8-19c4275315b-6c218b5a4ee5446e (INVALIDATE)
2026-02-20 18:52:51.016 - 	Invalidate context 'Main' for mysql8-19c4275315b-6c218b5a4ee5446e (AFTER_INVALIDATE)
2026-02-20 18:52:51.016 - 	Invalidate context 'Metadata' for mysql8-19c4275315b-6c218b5a4ee5446e (AFTER_INVALIDATE)
2026-02-20 18:52:51.017 - 	Invalidate context 'SQLEditor <Script-8.sql>' for mysql8-19c4275315b-6c218b5a4ee5446e (AFTER_INVALIDATE)
2026-02-21 04:22:43.381 - System awake detected. Reinitialize all remote connections.
2026-02-21 04:22:43.394 - Invalidate connection 'localhost'
2026-02-21 04:22:43.394 - 	Invalidate context 'Main' for mysql8-19c4275315b-6c218b5a4ee5446e (BEFORE_INVALIDATE)
2026-02-21 04:22:43.411 - 	Invalidate context 'Metadata' for mysql8-19c4275315b-6c218b5a4ee5446e (BEFORE_INVALIDATE)
2026-02-21 04:22:43.426 - 	Invalidate context 'SQLEditor <Script-8.sql>' for mysql8-19c4275315b-6c218b5a4ee5446e (BEFORE_INVALIDATE)
2026-02-21 04:22:43.441 - 	Invalidate context 'Main' for mysql8-19c4275315b-6c218b5a4ee5446e (INVALIDATE)
2026-02-21 04:22:43.472 - 	Invalidate context 'Metadata' for mysql8-19c4275315b-6c218b5a4ee5446e (INVALIDATE)
2026-02-21 04:22:43.477 - 	Invalidate context 'SQLEditor <Script-8.sql>' for mysql8-19c4275315b-6c218b5a4ee5446e (INVALIDATE)
2026-02-21 04:22:43.483 - 	Invalidate context 'Main' for mysql8-19c4275315b-6c218b5a4ee5446e (AFTER_INVALIDATE)
2026-02-21 04:22:43.483 - 	Invalidate context 'Metadata' for mysql8-19c4275315b-6c218b5a4ee5446e (AFTER_INVALIDATE)
2026-02-21 04:22:43.483 - 	Invalidate context 'SQLEditor <Script-8.sql>' for mysql8-19c4275315b-6c218b5a4ee5446e (AFTER_INVALIDATE)
2026-02-21 04:22:43.504 - Execution context closed (app.db, 0)
2026-02-21 04:22:43.508 - Execution context closed (localhost, 1)
2026-02-21 04:22:43.515 - Disconnected (sqlite_jdbc-19c31b433ef-74f88631c90ed20a)
2026-02-21 04:22:43.532 - Execution context closed (localhost, 2)
2026-02-21 04:22:43.547 - Execution context closed (localhost, 3)
2026-02-21 04:22:43.547 - Disconnected (mysql8-19c4275315b-6c218b5a4ee5446e)
2026-02-21 04:22:45.026 - Application goes into sleep mode
2026-02-21 04:22:46.531 - System suspend detected. Close all remote connections.
2026-02-21 09:35:51.170 - Application wakes
2026-02-21 10:02:26.632 - Connect with 'localhost' (mysql8-19c4275315b-6c218b5a4ee5446e)
2026-02-21 10:02:26.634 - Execution context opened (localhost; Main; 4)
2026-02-21 10:02:26.645 - Execution context opened (localhost; Metadata; 5)
2026-02-21 10:02:26.709 - Connected (mysql8-19c4275315b-6c218b5a4ee5446e, MySQL Connector/J [mysql-connector-j-8.2.0 (Revision: 06a1f724497fd81c6a659131fda822c9e5085b6c)])
2026-02-21 10:02:26.720 - Execution context opened (localhost; SQLEditor <springProject.sql>; 6)
2026-02-21 10:28:23.319 - System awake detected. Reinitialize all remote connections.
2026-02-21 10:28:23.320 - Invalidate connection 'localhost'
2026-02-21 10:28:23.320 - 	Invalidate context 'Main' for mysql8-19c4275315b-6c218b5a4ee5446e (BEFORE_INVALIDATE)
2026-02-21 10:28:23.331 - 	Invalidate context 'Metadata' for mysql8-19c4275315b-6c218b5a4ee5446e (BEFORE_INVALIDATE)
2026-02-21 10:28:23.342 - 	Invalidate context 'SQLEditor <springProject.sql>' for mysql8-19c4275315b-6c218b5a4ee5446e (BEFORE_INVALIDATE)
2026-02-21 10:28:23.353 - 	Invalidate context 'Main' for mysql8-19c4275315b-6c218b5a4ee5446e (INVALIDATE)
2026-02-21 10:28:23.359 - 	Invalidate context 'Metadata' for mysql8-19c4275315b-6c218b5a4ee5446e (INVALIDATE)
2026-02-21 10:28:23.363 - 	Invalidate context 'SQLEditor <springProject.sql>' for mysql8-19c4275315b-6c218b5a4ee5446e (INVALIDATE)
2026-02-21 10:28:23.366 - 	Invalidate context 'Main' for mysql8-19c4275315b-6c218b5a4ee5446e (AFTER_INVALIDATE)
2026-02-21 10:28:23.366 - 	Invalidate context 'Metadata' for mysql8-19c4275315b-6c218b5a4ee5446e (AFTER_INVALIDATE)
2026-02-21 10:28:23.366 - 	Invalidate context 'SQLEditor <springProject.sql>' for mysql8-19c4275315b-6c218b5a4ee5446e (AFTER_INVALIDATE)
2026-02-21 19:41:13.167 - System awake detected. Reinitialize all remote connections.
2026-02-21 19:41:13.169 - Invalidate connection 'localhost'
2026-02-21 19:41:13.169 - 	Invalidate context 'Main' for mysql8-19c4275315b-6c218b5a4ee5446e (BEFORE_INVALIDATE)
2026-02-21 19:41:13.180 - 	Invalidate context 'Metadata' for mysql8-19c4275315b-6c218b5a4ee5446e (BEFORE_INVALIDATE)
2026-02-21 19:41:13.192 - 	Invalidate context 'SQLEditor <springProject.sql>' for mysql8-19c4275315b-6c218b5a4ee5446e (BEFORE_INVALIDATE)
2026-02-21 19:41:13.204 - 	Invalidate context 'Main' for mysql8-19c4275315b-6c218b5a4ee5446e (INVALIDATE)
2026-02-21 19:41:13.213 - 	Invalidate context 'Metadata' for mysql8-19c4275315b-6c218b5a4ee5446e (INVALIDATE)
2026-02-21 19:41:13.217 - 	Invalidate context 'SQLEditor <springProject.sql>' for mysql8-19c4275315b-6c218b5a4ee5446e (INVALIDATE)
2026-02-21 19:41:13.223 - 	Invalidate context 'Main' for mysql8-19c4275315b-6c218b5a4ee5446e (AFTER_INVALIDATE)
2026-02-21 19:41:13.223 - 	Invalidate context 'Metadata' for mysql8-19c4275315b-6c218b5a4ee5446e (AFTER_INVALIDATE)
2026-02-21 19:41:13.223 - 	Invalidate context 'SQLEditor <springProject.sql>' for mysql8-19c4275315b-6c218b5a4ee5446e (AFTER_INVALIDATE)
2026-02-22 01:17:36.671 - System awake detected. Reinitialize all remote connections.
2026-02-22 01:17:36.676 - Invalidate connection 'localhost'
2026-02-22 01:17:36.677 - 	Invalidate context 'Main' for mysql8-19c4275315b-6c218b5a4ee5446e (BEFORE_INVALIDATE)
2026-02-22 01:17:36.688 - 	Invalidate context 'Metadata' for mysql8-19c4275315b-6c218b5a4ee5446e (BEFORE_INVALIDATE)
2026-02-22 01:17:36.699 - 	Invalidate context 'SQLEditor <springProject.sql>' for mysql8-19c4275315b-6c218b5a4ee5446e (BEFORE_INVALIDATE)
2026-02-22 01:17:36.710 - 	Invalidate context 'Main' for mysql8-19c4275315b-6c218b5a4ee5446e (INVALIDATE)
2026-02-22 01:17:36.722 - 	Invalidate context 'Metadata' for mysql8-19c4275315b-6c218b5a4ee5446e (INVALIDATE)
2026-02-22 01:17:36.727 - 	Invalidate context 'SQLEditor <springProject.sql>' for mysql8-19c4275315b-6c218b5a4ee5446e (INVALIDATE)
2026-02-22 01:17:36.732 - 	Invalidate context 'Main' for mysql8-19c4275315b-6c218b5a4ee5446e (AFTER_INVALIDATE)
2026-02-22 01:17:36.732 - 	Invalidate context 'Metadata' for mysql8-19c4275315b-6c218b5a4ee5446e (AFTER_INVALIDATE)
2026-02-22 01:17:36.733 - 	Invalidate context 'SQLEditor <springProject.sql>' for mysql8-19c4275315b-6c218b5a4ee5446e (AFTER_INVALIDATE)
2026-02-22 01:17:36.749 - Execution context closed (localhost, 4)
2026-02-22 01:17:36.762 - Execution context closed (localhost, 5)
2026-02-22 01:17:36.773 - Execution context closed (localhost, 6)
2026-02-22 01:17:36.773 - Disconnected (mysql8-19c4275315b-6c218b5a4ee5446e)
2026-02-22 08:33:22.978 - Dispose navigator model
2026-02-22 08:33:23.054 - DBeaver is stopping
2026-02-22 08:33:23.060 - Stop instance server
2026-02-22 08:33:24.065 - Instance server has been stopped
2026-02-22 08:33:24.066 - DBeaver shutdown completed
