2026-01-22 09:58:09.624 - DBeaver 25.3.3.202601181752 is starting
2026-01-22 09:58:09.633 - OS: Windows 11 10.0 (amd64)
2026-01-22 09:58:09.633 - Java version: 21.0.8 by Eclipse Adoptium (64bit)
2026-01-22 09:58:09.634 - Install path: 'C:\Users\ssjle\AppData\Local\DBeaver'
2026-01-22 09:58:09.634 - Instance path: 'file:/C:/study/2.Database/'
2026-01-22 09:58:09.636 - Memory available 64Mb/1024Mb
2026-01-22 09:58:09.651 - Create display
2026-01-22 09:58:09.947 - Initialize desktop platform...
2026-01-22 09:58:10.052 - BounceCastle bundle found. Use JCE provider BC
> Start Core File Systems [org.eclipse.core.filesystem 1.11.400.v20251107-0507]
> Start Core Resource Management [org.eclipse.core.resources 3.23.100.v20251106-1705]
> Start 팀 지원 핵심 [org.eclipse.team.core 3.10.900.v20251104-0924]
> Start DBeaver UI Navigator [org.jkiss.dbeaver.ui.navigator 1.0.171.202601181752]
> Start JFace 텍스트 [org.eclipse.jface.text 3.29.0.v20251112-0859]
Warning: NLS unused message: WorkbenchPreference_reuseEditorsThreshold in: org.eclipse.ui.internal.messages
Warning: NLS unused message: 이유 in: org.eclipse.ui.internal.messages
2026-01-22 09:58:10.349 - Initialize base platform...
2026-01-22 09:58:10.356 - Platform initialized (409ms)
> Start Equinox Java Authentication and Authorization Service (JAAS) [org.eclipse.equinox.security 1.4.700.v20250622-1644]
> Start 인터넷 연결 관리 사용자 인터페이스 [org.eclipse.ui.net 1.5.500.v20250611-0855]
> Start Internet Connection Management [org.eclipse.core.net 1.5.800.v20250613-1119]
2026-01-22 09:58:10.391 - Proxy service 'org.eclipse.core.net.proxy.IProxyService' loaded
2026-01-22 09:58:10.425 - Starting instance server at http://localhost:62088
2026-01-22 09:58:10.432 - Run workbench
> Start Eclipse IDE UI [org.eclipse.ui.ide 3.22.800.v20251112-0859]
> Start Eclipse e4 작업영역 SWT [org.eclipse.e4.ui.workbench.swt 0.17.1000.v20251023-0611]
> Start Eclipse Application Services [org.eclipse.e4.core.services 2.5.300.v20251112-1253]
> Start Eclipse UI Application Services [org.eclipse.e4.ui.services 1.6.600.v20251023-1358]
> Start Eclipse e4 Progress View [org.eclipse.e4.ui.progress 0.4.900.v20251023-1511]
> Start Eclipse Bindings Support [org.eclipse.e4.ui.bindings 0.14.800.v20250916-0937]
> Start Eclipse e4 core commands [org.eclipse.e4.core.commands 1.1.700.v20250916-0927]
> Start EMF XML/XMI Persistence [org.eclipse.emf.ecore.xmi 2.39.0.v20250910-1205]
> Start Eclipse CSS SWT Theme Support [org.eclipse.e4.ui.css.swt.theme 0.14.600.v20251023-0615]
> Start Eclipse e4 작업영역 기능 추가 [org.eclipse.e4.ui.workbench.addons.swt 1.5.900.v20251007-0832]
> Start Eclipse e4 작업영역 SWT 렌더러 [org.eclipse.e4.ui.workbench.renderers.swt 0.16.1000.v20251114-0005]
> Start Eclipse Dependency Injection Extensions [org.eclipse.e4.core.di.extensions 0.18.300.v20240413-1529]
> Start DBeaver AI Model [org.jkiss.dbeaver.model.ai 2.0.14.202601181752]
> Start DBeaver AI UI [org.jkiss.dbeaver.ui.ai 1.0.73.202601181752]
> Start Eclipse CSS SWT Support [org.eclipse.e4.ui.css.swt 0.15.700.v20251023-1511]
> Start 기본 문서 편집기 [org.eclipse.ui.editors 3.20.200.v20251125-0939]
> Start 텍스트 편집기 프레임워크 [org.eclipse.ui.workbench.texteditor 3.19.400.v20251105-0815]
2026-01-22 09:58:13.126 - Configure workbench window
> Start DBeaver SQL Model [org.jkiss.dbeaver.model.sql 1.0.161.202601181752]
2026-01-22 09:58:13.441 - Total database drivers: 127 (127)
> Start 도움말 시스템 코어 [org.eclipse.help 3.10.600.v20250613-0437]
2026-01-22 09:58:13.597 - Create actions
2026-01-22 09:58:17.374 - Initialize workbench window
2026-01-22 09:58:17.393 - Finish initialization
> Start DBeaver UI Editors - Data [org.jkiss.dbeaver.ui.editors.data 1.0.171.202601181752]
> Start DBeaver UI Editors - SQL [org.jkiss.dbeaver.ui.editors.sql 1.0.171.202601181752]
> Start DBeaver Dashboard UI [org.jkiss.dbeaver.ui.dashboard 1.0.168.202601181752]
> Start GEF Classic Draw2d [org.eclipse.draw2d 3.21.0.202512020742]
> Start GEF Classic GEF (MVC) [org.eclipse.gef 3.24.0.202511201732]
> Start DBeaver ERD UI [org.jkiss.dbeaver.ui.editors.erd 3.1.12.202601181752]
> Start DBeaver ERD Model [org.jkiss.dbeaver.model.erd 1.1.12.202601181752]
> Start DBeaver Sample Database [org.jkiss.dbeaver.ui.config.sample 1.0.208.202601181752]
2026-01-22 09:58:23.732 - Open [https://dbeaver.io/product/version.xml]
> Start DBeaver MySQL UI Support [org.jkiss.dbeaver.ext.mysql.ui 1.0.163.202601181752]
> Start DBeaver JDBC Model [org.jkiss.dbeaver.model.jdbc 1.0.64.202601181752]
> Start DBeaver MySQL Support [org.jkiss.dbeaver.ext.mysql 2.1.256.202601181752]
2026-01-22 09:59:03.893 - Service 'org.jkiss.dbeaver.ui.UIServiceConnectionEditor' not found
2026-01-22 09:59:03.957 - Service 'org.jkiss.dbeaver.runtime.ui.UIServiceSecurity' not found
2026-01-22 09:59:20.526 - Open [https://repo1.maven.org/maven2/com/mysql/mysql-connector-j/8.2.0/mysql-connector-j-8.2.0.pom]
2026-01-22 09:59:20.633 - Open [https://repo1.maven.org/maven2/com/google/protobuf/protobuf-java/3.21.9/protobuf-java-3.21.9.pom]
2026-01-22 09:59:20.660 - Open [https://repo1.maven.org/maven2/com/google/protobuf/protobuf-parent/3.21.9/protobuf-parent-3.21.9.pom]
2026-01-22 09:59:20.685 - Open [https://repo1.maven.org/maven2/com/google/protobuf/protobuf-bom/3.21.9/protobuf-bom-3.21.9.pom]
2026-01-22 09:59:25.153 - Open [https://repo1.maven.org/maven2/com/mysql/mysql-connector-j/8.2.0/mysql-connector-j-8.2.0.jar]
2026-01-22 09:59:25.748 - Open [https://repo1.maven.org/maven2/com/google/protobuf/protobuf-java/3.21.9/protobuf-java-3.21.9.jar]
Warning: NLS unused message: FindReplace_RegExCheckbox_label in: org.eclipse.ui.texteditor.EditorMessages
Warning: NLS unused message: FindReplace_WrapCheckBox_label in: org.eclipse.ui.texteditor.EditorMessages
Warning: NLS unused message: FindReplace_IncrementalCheckBox_label in: org.eclipse.ui.texteditor.EditorMessages
Warning: NLS unused message: FindReplace_Options in: org.eclipse.ui.texteditor.EditorMessages
Warning: NLS unused message: FindReplace_ReplaceSelectionButton_label in: org.eclipse.ui.texteditor.EditorMessages
Warning: NLS unused message: FindReplace_SelectedRangeRadioButton_label in: org.eclipse.ui.texteditor.EditorMessages
Warning: NLS unused message: FindReplace_SelectAllButton_label in: org.eclipse.ui.texteditor.EditorMessages
Warning: NLS unused message: FindReplace_GlobalRadioButton_label in: org.eclipse.ui.texteditor.EditorMessages
Warning: NLS unused message: FindReplace_WholeWordCheckBox_label in: org.eclipse.ui.texteditor.EditorMessages
Warning: NLS unused message: FindReplace_ReplaceFindButton_label in: org.eclipse.ui.texteditor.EditorMessages
Warning: NLS unused message: FindReplace_BackwardRadioButton_label in: org.eclipse.ui.texteditor.EditorMessages
Warning: NLS unused message: FindReplace_CloseButton_label in: org.eclipse.ui.texteditor.EditorMessages
Warning: NLS unused message: FindReplace_Replace_label in: org.eclipse.ui.texteditor.EditorMessages
Warning: NLS unused message: FindReplace_CaseCheckBox_label in: org.eclipse.ui.texteditor.EditorMessages
Warning: NLS unused message: FindReplace_Status_replacements_label in: org.eclipse.ui.texteditor.EditorMessages
Warning: NLS unused message: FindReplace_title in: org.eclipse.ui.texteditor.EditorMessages
Warning: NLS unused message: FindReplace_Direction in: org.eclipse.ui.texteditor.EditorMessages
Warning: NLS unused message: FindReplace_ReplaceAllButton_label in: org.eclipse.ui.texteditor.EditorMessages
Warning: NLS unused message: FindReplace_Scope in: org.eclipse.ui.texteditor.EditorMessages
Warning: NLS unused message: FindReplace_Find_label in: org.eclipse.ui.texteditor.EditorMessages
Warning: NLS unused message: FindReplace_ForwardRadioButton_label in: org.eclipse.ui.texteditor.EditorMessages
Warning: NLS unused message: FindReplace_FindNextButton_label in: org.eclipse.ui.texteditor.EditorMessages
> Start DBeaver SQL Terminal [org.jkiss.dbeaver.ui.editors.sql.terminal 1.0.147.202601181752]
> Start 핵심 비교 지원 [org.eclipse.compare.core 3.8.800.v20250718-1505]
> Start 콘솔 [org.eclipse.ui.console 3.15.0.v20251113-1013]
> Start 디버그 핵심 [org.eclipse.debug.core 3.23.200.v20251107-0507]
> Start DBeaver Tasks - Native Tools UI [org.jkiss.dbeaver.tasks.native.ui 1.0.149.202601181752]
> Start DBeaver Tasks - General UI [org.jkiss.dbeaver.tasks.ui 1.0.149.202601181752]
2026-01-22 10:01:22.368 - Connect with 'localhost' (mysql8-19be3364704-2990b7a92e577ae8)
2026-01-22 10:01:22.405 - Execution context opened (localhost; Main; 0)
> Start DBeaver GIS Support [org.jkiss.dbeaver.data.gis 1.0.195.202601181752]
2026-01-22 10:01:22.602 - Execution context opened (localhost; Metadata; 1)
2026-01-22 10:01:22.669 - Connected (mysql8-19be3364704-2990b7a92e577ae8, MySQL Connector/J [mysql-connector-j-8.2.0 (Revision: 06a1f724497fd81c6a659131fda822c9e5085b6c)])
2026-01-22 10:01:22.700 - Execution context opened (localhost; SQLEditor <Script.sql>; 2)
> Start DBeaver SQL Language Semantic Model [org.jkiss.dbeaver.model.lsm 1.0.66.202601181752]
> Start DBeaver Data Transfer [org.jkiss.dbeaver.data.transfer 2.0.155.202601181752]
2026-01-22 11:10:01.461 - Execution context opened (localhost; SQLEditor <Script.sql>; 3)
2026-01-22 12:06:13.347 - Execution context opened (localhost; SQLEditor <Script-1.sql>; 4)
2026-01-22 13:34:55.053 - Execution context opened (localhost; SQLEditor <Script-1.sql>; 5)
2026-01-22 13:40:58.135 - Execution context closed (localhost, 3)
2026-01-22 13:40:58.205 - Execution context closed (localhost, 2)
2026-01-22 14:49:52.324 - Error while analyzing query text: CREATE TABLE board_foreign(
   board_foreign_id int PRIMARY KEY AUTO_INCREMENT,
   title varchar(300),
   writer_id int REFERENCES member_primary(MEMBER_primary_Id)
   CONSTRAINT fk_writer FOREIGN KEY (w) 
)
java.lang.IllegalStateException: Rows data was not resolved yet
	at org.jkiss.dbeaver.model.sql.semantics.model.select.SQLQueryRowsSourceModel.getRowsDataContext(SQLQueryRowsSourceModel.java:52)
	at org.jkiss.dbeaver.model.sql.semantics.model.ddl.SQLQueryColumnConstraintSpec.propagateForReferencedEntity(SQLQueryColumnConstraintSpec.java:118)
	at org.jkiss.dbeaver.model.sql.semantics.model.ddl.SQLQueryColumnConstraintSpec.resolveRelations(SQLQueryColumnConstraintSpec.java:91)
	at org.jkiss.dbeaver.model.sql.semantics.model.ddl.SQLQueryColumnSpec.resolveRelations(SQLQueryColumnSpec.java:114)
	at org.jkiss.dbeaver.model.sql.semantics.model.ddl.SQLQueryTableCreateModel.resolveObjectAndRowsReferences(SQLQueryTableCreateModel.java:135)
	at org.jkiss.dbeaver.model.sql.semantics.model.SQLQueryModel.resolveRelations(SQLQueryModel.java:72)
	at org.jkiss.dbeaver.model.sql.semantics.SQLQueryModelRecognizer.recognizeQuery(SQLQueryModelRecognizer.java:154)
	at org.jkiss.dbeaver.model.sql.semantics.SQLQueryModelRecognizer.recognizeQuery(SQLQueryModelRecognizer.java:1026)
	at org.jkiss.dbeaver.ui.editors.sql.semantics.SQLBackgroundParsingJob.doWork(SQLBackgroundParsingJob.java:606)
	at org.jkiss.dbeaver.ui.editors.sql.semantics.SQLBackgroundParsingJob$1.run(SQLBackgroundParsingJob.java:86)
	at org.jkiss.dbeaver.model.runtime.AbstractJob.run(AbstractJob.java:110)
	at org.eclipse.core.internal.jobs.Worker.run(Worker.java:63)
2026-01-22 14:59:27.580 - Source or target node not found
2026-01-22 15:10:46.126 - Error while analyzing query text: DELETE FROM member_primar
y
java.lang.UnsupportedOperationException: Symbol entry origin has already been set
	at org.jkiss.dbeaver.model.sql.semantics.SQLQueryLexicalScopeItem.setOrigin(SQLQueryLexicalScopeItem.java:51)
	at org.jkiss.dbeaver.model.sql.semantics.SQLQuerySymbolEntry.setOrigin(SQLQuerySymbolEntry.java:90)
	at org.jkiss.dbeaver.model.sql.semantics.SQLQuerySemanticUtils.performPartialResolution(SQLQuerySemanticUtils.java:98)
	at org.jkiss.dbeaver.model.sql.semantics.model.select.SQLQueryRowsTableDataModel.resolveRowSourcesImpl(SQLQueryRowsTableDataModel.java:181)
	at org.jkiss.dbeaver.model.sql.semantics.model.select.SQLQueryRowsSourceModel.resolveRowSources(SQLQueryRowsSourceModel.java:91)
	at org.jkiss.dbeaver.model.sql.semantics.model.select.SQLQueryRowsCorrelatedSourceModel.resolveRowSourcesImpl(SQLQueryRowsCorrelatedSourceModel.java:118)
	at org.jkiss.dbeaver.model.sql.semantics.model.select.SQLQueryRowsSourceModel.resolveRowSources(SQLQueryRowsSourceModel.java:91)
	at org.jkiss.dbeaver.model.sql.semantics.model.dml.SQLQueryDeleteModel.resolveRowsReferencesImpl(SQLQueryDeleteModel.java:91)
	at org.jkiss.dbeaver.model.sql.semantics.model.dml.SQLQueryDMLStatementModel.resolveObjectAndRowsReferences(SQLQueryDMLStatementModel.java:54)
	at org.jkiss.dbeaver.model.sql.semantics.model.SQLQueryModel.resolveRelations(SQLQueryModel.java:72)
	at org.jkiss.dbeaver.model.sql.semantics.SQLQueryModelRecognizer.recognizeQuery(SQLQueryModelRecognizer.java:154)
	at org.jkiss.dbeaver.model.sql.semantics.SQLQueryModelRecognizer.recognizeQuery(SQLQueryModelRecognizer.java:1026)
	at org.jkiss.dbeaver.ui.editors.sql.semantics.SQLBackgroundParsingJob.doWork(SQLBackgroundParsingJob.java:606)
	at org.jkiss.dbeaver.ui.editors.sql.semantics.SQLBackgroundParsingJob$1.run(SQLBackgroundParsingJob.java:86)
	at org.jkiss.dbeaver.model.runtime.AbstractJob.run(AbstractJob.java:110)
	at org.eclipse.core.internal.jobs.Worker.run(Worker.java:63)
2026-01-22 15:10:50.548 - Error while analyzing query text: DELETE FROM member_primary
WHR
java.lang.UnsupportedOperationException: Symbol entry origin has already been set
	at org.jkiss.dbeaver.model.sql.semantics.SQLQueryLexicalScopeItem.setOrigin(SQLQueryLexicalScopeItem.java:51)
	at org.jkiss.dbeaver.model.sql.semantics.SQLQuerySymbolEntry.setOrigin(SQLQuerySymbolEntry.java:90)
	at org.jkiss.dbeaver.model.sql.semantics.SQLQuerySemanticUtils.setNamePartsDefinition(SQLQuerySemanticUtils.java:158)
	at org.jkiss.dbeaver.model.sql.semantics.SQLQuerySemanticUtils.setNamePartsDefinition(SQLQuerySemanticUtils.java:125)
	at org.jkiss.dbeaver.model.sql.semantics.model.select.SQLQueryRowsTableDataModel.resolveRowSourcesImpl(SQLQueryRowsTableDataModel.java:170)
	at org.jkiss.dbeaver.model.sql.semantics.model.select.SQLQueryRowsSourceModel.resolveRowSources(SQLQueryRowsSourceModel.java:91)
	at org.jkiss.dbeaver.model.sql.semantics.model.select.SQLQueryRowsCorrelatedSourceModel.resolveRowSourcesImpl(SQLQueryRowsCorrelatedSourceModel.java:118)
	at org.jkiss.dbeaver.model.sql.semantics.model.select.SQLQueryRowsSourceModel.resolveRowSources(SQLQueryRowsSourceModel.java:91)
	at org.jkiss.dbeaver.model.sql.semantics.model.dml.SQLQueryDeleteModel.resolveRowsReferencesImpl(SQLQueryDeleteModel.java:91)
	at org.jkiss.dbeaver.model.sql.semantics.model.dml.SQLQueryDMLStatementModel.resolveObjectAndRowsReferences(SQLQueryDMLStatementModel.java:54)
	at org.jkiss.dbeaver.model.sql.semantics.model.SQLQueryModel.resolveRelations(SQLQueryModel.java:72)
	at org.jkiss.dbeaver.model.sql.semantics.SQLQueryModelRecognizer.recognizeQuery(SQLQueryModelRecognizer.java:154)
	at org.jkiss.dbeaver.model.sql.semantics.SQLQueryModelRecognizer.recognizeQuery(SQLQueryModelRecognizer.java:1026)
	at org.jkiss.dbeaver.ui.editors.sql.semantics.SQLBackgroundParsingJob.doWork(SQLBackgroundParsingJob.java:606)
	at org.jkiss.dbeaver.ui.editors.sql.semantics.SQLBackgroundParsingJob$1.run(SQLBackgroundParsingJob.java:86)
	at org.jkiss.dbeaver.model.runtime.AbstractJob.run(AbstractJob.java:110)
	at org.eclipse.core.internal.jobs.Worker.run(Worker.java:63)
2026-01-22 15:10:51.663 - Error while analyzing query text: DELETE FROM member_primary
WHERH
java.lang.UnsupportedOperationException: Symbol entry origin has already been set
	at org.jkiss.dbeaver.model.sql.semantics.SQLQueryLexicalScopeItem.setOrigin(SQLQueryLexicalScopeItem.java:51)
	at org.jkiss.dbeaver.model.sql.semantics.SQLQuerySymbolEntry.setOrigin(SQLQuerySymbolEntry.java:90)
	at org.jkiss.dbeaver.model.sql.semantics.SQLQuerySemanticUtils.setNamePartsDefinition(SQLQuerySemanticUtils.java:158)
	at org.jkiss.dbeaver.model.sql.semantics.SQLQuerySemanticUtils.setNamePartsDefinition(SQLQuerySemanticUtils.java:125)
	at org.jkiss.dbeaver.model.sql.semantics.model.select.SQLQueryRowsTableDataModel.resolveRowSourcesImpl(SQLQueryRowsTableDataModel.java:170)
	at org.jkiss.dbeaver.model.sql.semantics.model.select.SQLQueryRowsSourceModel.resolveRowSources(SQLQueryRowsSourceModel.java:91)
	at org.jkiss.dbeaver.model.sql.semantics.model.select.SQLQueryRowsCorrelatedSourceModel.resolveRowSourcesImpl(SQLQueryRowsCorrelatedSourceModel.java:118)
	at org.jkiss.dbeaver.model.sql.semantics.model.select.SQLQueryRowsSourceModel.resolveRowSources(SQLQueryRowsSourceModel.java:91)
	at org.jkiss.dbeaver.model.sql.semantics.model.dml.SQLQueryDeleteModel.resolveRowsReferencesImpl(SQLQueryDeleteModel.java:91)
	at org.jkiss.dbeaver.model.sql.semantics.model.dml.SQLQueryDMLStatementModel.resolveObjectAndRowsReferences(SQLQueryDMLStatementModel.java:54)
	at org.jkiss.dbeaver.model.sql.semantics.model.SQLQueryModel.resolveRelations(SQLQueryModel.java:72)
	at org.jkiss.dbeaver.model.sql.semantics.SQLQueryModelRecognizer.recognizeQuery(SQLQueryModelRecognizer.java:154)
	at org.jkiss.dbeaver.model.sql.semantics.SQLQueryModelRecognizer.recognizeQuery(SQLQueryModelRecognizer.java:1026)
	at org.jkiss.dbeaver.ui.editors.sql.semantics.SQLBackgroundParsingJob.doWork(SQLBackgroundParsingJob.java:606)
	at org.jkiss.dbeaver.ui.editors.sql.semantics.SQLBackgroundParsingJob$1.run(SQLBackgroundParsingJob.java:86)
	at org.jkiss.dbeaver.model.runtime.AbstractJob.run(AbstractJob.java:110)
	at org.eclipse.core.internal.jobs.Worker.run(Worker.java:63)
2026-01-22 15:10:52.617 - Error while analyzing query text: DELETE FROM member_primary
WHER
java.lang.UnsupportedOperationException: Symbol entry origin has already been set
	at org.jkiss.dbeaver.model.sql.semantics.SQLQueryLexicalScopeItem.setOrigin(SQLQueryLexicalScopeItem.java:51)
	at org.jkiss.dbeaver.model.sql.semantics.SQLQuerySymbolEntry.setOrigin(SQLQuerySymbolEntry.java:90)
	at org.jkiss.dbeaver.model.sql.semantics.SQLQuerySemanticUtils.setNamePartsDefinition(SQLQuerySemanticUtils.java:158)
	at org.jkiss.dbeaver.model.sql.semantics.SQLQuerySemanticUtils.setNamePartsDefinition(SQLQuerySemanticUtils.java:125)
	at org.jkiss.dbeaver.model.sql.semantics.model.select.SQLQueryRowsTableDataModel.resolveRowSourcesImpl(SQLQueryRowsTableDataModel.java:170)
	at org.jkiss.dbeaver.model.sql.semantics.model.select.SQLQueryRowsSourceModel.resolveRowSources(SQLQueryRowsSourceModel.java:91)
	at org.jkiss.dbeaver.model.sql.semantics.model.select.SQLQueryRowsCorrelatedSourceModel.resolveRowSourcesImpl(SQLQueryRowsCorrelatedSourceModel.java:118)
	at org.jkiss.dbeaver.model.sql.semantics.model.select.SQLQueryRowsSourceModel.resolveRowSources(SQLQueryRowsSourceModel.java:91)
	at org.jkiss.dbeaver.model.sql.semantics.model.dml.SQLQueryDeleteModel.resolveRowsReferencesImpl(SQLQueryDeleteModel.java:91)
	at org.jkiss.dbeaver.model.sql.semantics.model.dml.SQLQueryDMLStatementModel.resolveObjectAndRowsReferences(SQLQueryDMLStatementModel.java:54)
	at org.jkiss.dbeaver.model.sql.semantics.model.SQLQueryModel.resolveRelations(SQLQueryModel.java:72)
	at org.jkiss.dbeaver.model.sql.semantics.SQLQueryModelRecognizer.recognizeQuery(SQLQueryModelRecognizer.java:154)
	at org.jkiss.dbeaver.model.sql.semantics.SQLQueryModelRecognizer.recognizeQuery(SQLQueryModelRecognizer.java:1026)
	at org.jkiss.dbeaver.ui.editors.sql.semantics.SQLBackgroundParsingJob.doWork(SQLBackgroundParsingJob.java:606)
	at org.jkiss.dbeaver.ui.editors.sql.semantics.SQLBackgroundParsingJob$1.run(SQLBackgroundParsingJob.java:86)
	at org.jkiss.dbeaver.model.runtime.AbstractJob.run(AbstractJob.java:110)
	at org.eclipse.core.internal.jobs.Worker.run(Worker.java:63)
2026-01-22 19:44:31.966 - Execution context closed (localhost, 0)
2026-01-22 19:44:31.981 - Execution context closed (localhost, 1)
2026-01-22 19:44:31.992 - Execution context closed (localhost, 4)
2026-01-22 19:44:32.004 - Execution context closed (localhost, 5)
2026-01-22 19:44:32.004 - Disconnected (mysql8-19be3364704-2990b7a92e577ae8)
2026-01-22 19:44:32.910 - Application goes into sleep mode
2026-01-22 22:04:19.975 - Application wakes
2026-01-23 02:51:30.872 - Application goes into sleep mode
2026-01-23 08:12:21.215 - Application wakes
2026-01-23 09:48:38.190 - Connect with 'localhost' (mysql8-19be3364704-2990b7a92e577ae8)
2026-01-23 09:48:38.194 - Execution context opened (localhost; Main; 6)
2026-01-23 09:48:38.219 - Execution context opened (localhost; Metadata; 7)
2026-01-23 09:48:38.219 - Execution context opened (localhost; SQLEditor <Script-1.sql>; 8)
2026-01-23 09:48:38.268 - Connected (mysql8-19be3364704-2990b7a92e577ae8, MySQL Connector/J [mysql-connector-j-8.2.0 (Revision: 06a1f724497fd81c6a659131fda822c9e5085b6c)])
2026-01-23 09:48:38.338 - Execution context opened (localhost; SQLEditor <1.DML,DDL 정리.sql>; 9)
2026-01-23 09:52:44.006 - Token location is outside of the document boundaries during query parsing
2026-01-23 09:58:14.682 - Execution context opened (localhost; SQLEditor <Script-2.sql>; 10)
2026-01-23 11:02:41.693 - Execution context opened (localhost; SQLEditor <Script-2.sql>; 11)
2026-01-23 11:11:52.405 - Execution context closed (localhost, 11)
2026-01-23 11:12:00.817 - Execution context opened (localhost; SQLEditor <Script-2.sql>; 12)
2026-01-23 11:13:29.010 - Execution context opened (localhost; SQLEditor <employees>; 13)
2026-01-23 11:13:31.337 - Execution context closed (localhost, 13)
2026-01-23 13:57:49.636 - Execution context opened (localhost; SQLEditor <Script-2.sql>; 14)
2026-01-23 14:38:53.389 - Can't parse numeric value [Q16. 성별별 사원 수 중 100000명 이상인 경우만 조회하세요.
] using formatter: For input string: "Q16."
2026-01-23 14:38:53.393 - Can't parse numeric value [Q16. 성별별 사원 수 중 100000명 이상인 경우만 조회하세요.
] using formatter: For input string: "Q16."
2026-01-23 14:38:53.396 - Can't parse numeric value [Q16. 성별별 사원 수 중 100000명 이상인 경우만 조회하세요.
] using formatter: For input string: "Q16."
2026-01-23 14:38:53.398 - Can't parse numeric value [Q16. 성별별 사원 수 중 100000명 이상인 경우만 조회하세요.
] using formatter: For input string: "Q16."
2026-01-23 14:38:53.401 - Can't parse numeric value [Q16. 성별별 사원 수 중 100000명 이상인 경우만 조회하세요.
] using formatter: For input string: "Q16."
2026-01-23 14:38:58.104 - Can't parse numeric value [Q16. 성별별 사원 수 중 100000명 이상인 경우만 조회하세요.
] using formatter: For input string: "Q16."
2026-01-23 14:38:58.107 - Can't parse numeric value [Q16. 성별별 사원 수 중 100000명 이상인 경우만 조회하세요.
] using formatter: For input string: "Q16."
2026-01-23 14:38:58.110 - Can't parse numeric value [Q16. 성별별 사원 수 중 100000명 이상인 경우만 조회하세요.
] using formatter: For input string: "Q16."
2026-01-23 14:38:58.113 - Can't parse numeric value [Q16. 성별별 사원 수 중 100000명 이상인 경우만 조회하세요.
] using formatter: For input string: "Q16."
2026-01-23 14:38:58.119 - Can't parse numeric value [Q16. 성별별 사원 수 중 100000명 이상인 경우만 조회하세요.
] using formatter: For input string: "Q16."
2026-01-23 15:16:30.377 - Execution context closed (localhost, 14)
2026-01-23 17:55:55.188 - Token location is outside of the document boundaries during query parsing
2026-01-23 18:03:54.793 - Token location is outside of the document boundaries during query parsing
2026-01-23 18:05:07.366 - Token location is outside of the document boundaries during query parsing
2026-01-23 18:06:32.621 - Token location is outside of the document boundaries during query parsing
